D:\VS_PROJECTS\MYDLLAPP\MYDLLAPP\DEBUG\MAINDLL.OBJ
D:\VS_PROJECTS\MYDLLAPP\MYDLLAPP\DEBUG\VC110.PDB
D:\VS_PROJECTS\MYDLLAPP\MYDLLAPP\DEBUG\TELEPORT.OBJ
D:\VS_PROJECTS\MYDLLAPP\MYDLLAPP\DEBUG\KAMI.OBJ
D:\VS_PROJECTS\MYDLLAPP\MYDLLAPP\DEBUG\MYFORM.OBJ
C:\USERS\VIKRAMHP\DOCUMENTS\VISUAL STUDIO 2012\PROJECTS\MYDLLAPP\MYDLLAPP\DEBUG\DLLATTACH.OBJ
C:\USERS\VIKRAMHP\DOCUMENTS\VISUAL STUDIO 2012\PROJECTS\MYDLLAPP\MYDLLAPP\DEBUG\POINTERUTIL.OBJ
C:\USERS\VIKRAMHP\DOCUMENTS\VISUAL STUDIO 2012\PROJECTS\MYDLLAPP\MYDLLAPP\DEBUG\VC110.PDB
D:\VS_PROJECTS\MYDLLAPP\DEBUG\MYDLLAPP.ILK
D:\VS_PROJECTS\MYDLLAPP\DEBUG\MYDLLAPP.DLL
D:\VS_PROJECTS\MYDLLAPP\DEBUG\MYDLLAPP.PDB
䑞尺卖偟潲敪瑣屳祍汄䅬灰䵜䑹汬灁屰祍汄䅬灰瘮硣牰橯਍㩄噜当牐橯捥獴䵜䑹汬灁屰祍汄䅬灰䑜扥杵䵜䑹汬灁⹰祍潆浲爮獥畯捲獥਍䑞尺卖偟潲敪瑣屳祍汄䅬灰䵜䑹汬灁屰祍汄䅬灰瘮硣牰橯਍㩄噜当牐橯捥獴䵜䑹汬灁屰祍汄䅬灰䑜扥杵䵜䑹汬灁⹰祍潆浲爮獥畯捲獥਍䑞尺卖偟潲敪瑣屳祍汄䅬灰䵜䑹汬灁屰祍汄䅬灰瘮硣牰橯਍㩄噜当牐橯捥獴䵜䑹汬灁屰祍汄䅬灰䑜扥杵䵜䑹汬灁⹰祍潆浲爮獥畯捲獥਍䑞尺卖偟潲敪瑣屳祍汄䅬灰䵜䑹汬灁屰祍汄䅬灰瘮硣牰橯਍㩄噜当牐橯捥獴䵜䑹汬灁屰祍汄䅬灰䑜扥杵䵜䑹汬灁⹰祍潆浲爮獥畯捲獥਍䑞尺卖偟潲敪瑣屳祍汄䅬灰䵜䑹汬灁屰祍汄䅬灰瘮硣牰橯਍㩄噜当牐橯捥獴䵜䑹汬灁屰祍汄䅬灰䑜扥杵䵜䑹汬灁⹰祍潆浲爮獥畯捲獥਍䑞尺卖偟潲敪瑣屳祍汄䅬灰䵜䑹汬灁屰祍汄䅬灰瘮硣牰橯਍㩄噜当牐橯捥獴䵜䑹汬灁屰祍汄䅬灰䑜扥杵䵜䑹汬灁⹰祍潆浲爮獥畯捲獥਍䑞尺卖偟潲敪瑣屳祍汄䅬灰䵜䑹汬灁屰祍汄䅬灰瘮硣牰橯਍㩄噜当牐橯捥獴䵜䑹汬灁屰祍汄䅬灰䑜扥杵䵜䑹汬灁⹰祍潆浲爮獥畯捲獥਍䑞尺卖偟潲敪瑣屳祍汄䅬灰䵜䑹汬灁屰祍汄䅬灰瘮硣牰橯਍㩄噜当牐橯捥獴䵜䑹汬灁屰祍汄䅬灰䑜扥杵䵜䑹汬灁⹰祍潆浲爮獥畯捲獥਍䑞尺卖偟潲敪瑣屳祍汄䅬灰䵜䑹汬灁屰祍汄䅬灰瘮硣牰橯਍㩄噜当牐橯捥獴䵜䑹汬灁屰祍汄䅬灰䑜扥杵䵜䑹汬灁⹰祍潆浲爮獥畯捲獥਍䑞尺卖偟潲敪瑣屳祍汄䅬灰䵜䑹汬灁屰祍汄䅬灰瘮硣牰橯਍㩄噜当牐橯捥獴䵜䑹汬灁屰祍汄䅬灰䑜扥杵䵜䑹汬灁⹰祍潆浲爮獥畯捲獥਍䑞尺卖偟潲敪瑣屳祍汄䅬灰䵜䑹汬灁屰祍汄䅬灰瘮硣牰橯਍㩄噜当牐橯捥獴䵜䑹汬灁屰祍汄䅬灰䑜扥杵䵜䑹汬灁⹰祍潆浲爮獥畯捲獥਍䑞尺卖偟潲敪瑣屳祍汄䅬灰䵜䑹汬灁屰祍汄䅬灰瘮硣牰橯਍㩄噜当牐橯捥獴䵜䑹汬灁屰祍汄䅬灰䑜扥杵䵜䑹汬灁⹰祍潆浲爮獥畯捲獥਍䑞尺卖偟潲敪瑣屳祍汄䅬灰䵜䑹汬灁屰祍汄䅬灰瘮硣牰橯਍㩄噜当牐橯捥獴䵜䑹汬灁屰祍汄䅬灰䑜扥杵䵜䑹汬灁⹰祍潆浲爮獥畯捲獥਍䑞尺卖偟潲敪瑣屳祍汄䅬灰䵜䑹汬灁屰祍汄䅬灰瘮硣牰橯਍㩄噜当牐橯捥獴䵜䑹汬灁屰祍汄䅬灰䑜扥杵䵜䑹汬灁⹰祍潆浲爮獥畯捲獥਍䑞尺卖偟潲敪瑣屳祍汄䅬灰䵜䑹汬灁屰祍汄䅬灰瘮硣牰橯਍㩄噜当牐橯捥獴䵜䑹汬灁屰祍汄䅬灰䑜扥杵䵜䑹汬灁⹰祍潆浲爮獥畯捲獥਍䑞尺卖偟潲敪瑣屳祍汄䅬灰䵜䑹汬灁屰祍汄䅬灰瘮硣牰橯਍㩄噜当牐橯捥獴䵜䑹汬灁屰祍汄䅬灰䑜扥杵䵜䑹汬灁⹰祍潆浲爮獥畯捲獥਍䑞尺卖偟潲敪瑣屳祍汄䅬灰䵜䑹汬灁屰祍汄䅬灰瘮硣牰橯਍㩄噜当牐橯捥獴䵜䑹汬灁屰祍汄䅬灰䑜扥杵䵜䑹汬灁⹰祍潆浲爮獥畯捲獥਍䑞尺卖偟潲敪瑣屳祍汄䅬灰䵜䑹汬灁屰祍汄䅬灰瘮硣牰橯਍㩄噜当牐橯捥獴䵜䑹汬灁屰祍汄䅬灰䑜扥杵䵜䑹汬灁⹰祍潆浲爮獥畯捲獥਍䑞尺卖偟潲敪瑣屳祍汄䅬灰䵜䑹汬灁屰祍汄䅬灰瘮硣牰橯਍㩄噜当牐橯捥獴䵜䑹汬灁屰祍汄䅬灰䑜扥杵䵜䑹汬灁⹰祍潆浲爮獥畯捲獥਍䑞尺卖偟潲敪瑣屳祍汄䅬灰䵜䑹汬灁屰祍汄䅬灰瘮硣牰橯਍㩄噜当牐橯捥獴䵜䑹汬灁屰祍汄䅬灰䑜扥杵䵜䑹汬灁⹰祍潆浲爮獥畯捲獥਍䑞尺卖偟潲敪瑣屳祍汄䅬灰䵜䑹汬灁屰祍汄䅬灰瘮硣牰橯਍㩄噜当牐橯捥獴䵜䑹汬灁屰祍汄䅬灰䑜扥杵䵜䑹汬灁⹰祍潆浲爮獥畯捲獥਍䑞尺卖偟潲敪瑣屳祍汄䅬灰䵜䑹汬灁屰祍汄䅬灰瘮硣牰橯਍㩄噜当牐橯捥獴䵜䑹汬灁屰祍汄䅬灰䑜扥杵䵜䑹汬灁⹰祍潆浲爮獥畯捲獥਍䑞尺卖偟潲敪瑣屳祍汄䅬灰䵜䑹汬灁屰祍汄䅬灰瘮硣牰橯਍㩄噜当牐橯捥獴䵜䑹汬灁屰祍汄䅬灰䑜扥杵䵜䑹汬灁⹰祍潆浲爮獥畯捲獥਍䑞尺卖偟潲敪瑣屳祍汄䅬灰䵜䑹汬灁屰祍汄䅬灰瘮硣牰橯਍㩄噜当牐橯捥獴䵜䑹汬灁屰祍汄䅬灰䑜扥杵䵜䑹汬灁⹰祍潆浲爮獥畯捲獥਍䑞尺卖偟潲敪瑣屳祍汄䅬灰䵜䑹汬灁屰祍汄䅬灰瘮硣牰橯਍㩄噜当牐橯捥獴䵜䑹汬灁屰祍汄䅬灰䑜扥杵䵜䑹汬灁⹰祍潆浲爮獥畯捲獥਍䑞尺卖偟潲敪瑣屳祍汄䅬灰䵜䑹汬灁屰祍汄䅬灰瘮硣牰橯਍㩄噜当牐橯捥獴䵜䑹汬灁屰祍汄䅬灰䑜扥杵䵜䑹汬灁⹰祍潆浲爮獥畯捲獥਍䑞尺卖偟潲敪瑣屳祍汄䅬灰䵜䑹汬灁屰祍汄䅬灰瘮硣牰橯਍㩄噜当牐橯捥獴䵜䑹汬灁屰祍汄䅬灰䑜扥杵䵜䑹汬灁⹰祍潆浲爮獥畯捲獥਍䑞尺卖偟潲敪瑣屳祍汄䅬灰䵜䑹汬灁屰祍汄䅬灰瘮硣牰橯਍㩄噜当牐橯捥獴䵜䑹汬灁屰祍汄䅬灰䑜扥杵䵜䑹汬灁⹰祍潆浲爮獥畯捲獥਍䑞尺卖偟潲敪瑣屳祍汄䅬灰䵜䑹汬灁屰祍汄䅬灰瘮硣牰橯਍㩄噜当牐橯捥獴䵜䑹汬灁屰祍汄䅬灰䑜扥杵䵜䑹汬灁⹰祍潆浲爮獥畯捲獥਍䑞尺卖偟潲敪瑣屳祍汄䅬灰䵜䑹汬灁屰祍汄䅬灰瘮硣牰橯਍㩄噜当牐橯捥獴䵜䑹汬灁屰祍汄䅬灰䑜扥杵䵜䑹汬灁⹰祍潆浲爮獥畯捲獥਍䑞尺卖偟潲敪瑣屳祍汄䅬灰䵜䑹汬灁屰祍汄䅬灰瘮硣牰橯਍㩄噜当牐橯捥獴䵜䑹汬灁屰祍汄䅬灰䑜扥杵䵜䑹汬灁⹰祍潆浲爮獥畯捲獥਍䑞尺卖偟潲敪瑣屳祍汄䅬灰䵜䑹汬灁屰祍汄䅬灰瘮硣牰橯਍㩄噜当牐橯捥獴䵜䑹汬灁屰祍汄䅬灰䑜扥杵䵜䑹汬灁⹰祍潆浲爮獥畯捲獥਍䑞尺卖偟潲敪瑣屳祍汄䅬灰䵜䑹汬灁屰祍汄䅬灰瘮硣牰橯਍㩄噜当牐橯捥獴䵜䑹汬灁屰祍汄䅬灰䑜扥杵䵜䑹汬灁⹰祍潆浲爮獥畯捲獥਍䑞尺卖偟潲敪瑣屳祍汄䅬灰䵜䑹汬灁屰祍汄䅬灰瘮硣牰橯਍㩄噜当牐橯捥獴䵜䑹汬灁屰祍汄䅬灰䑜扥杵䵜䑹汬灁⹰祍潆浲爮獥畯捲獥਍䑞尺卖偟潲敪瑣屳祍汄䅬灰䵜䑹汬灁屰祍汄䅬灰瘮硣牰橯਍㩄噜当牐橯捥獴䵜䑹汬灁屰祍汄䅬灰䑜扥杵䵜䑹汬灁⹰祍潆浲爮獥畯捲獥਍䑞尺卖偟潲敪瑣屳祍汄䅬灰䵜䑹汬灁屰祍汄䅬灰瘮硣牰橯਍㩄噜当牐橯捥獴䵜䑹汬灁屰祍汄䅬灰䑜扥杵䵜䑹汬灁⹰祍潆浲爮獥畯捲獥਍䑞尺卖偟潲敪瑣屳祍汄䅬灰䵜䑹汬灁屰祍汄䅬灰瘮硣牰橯਍㩄噜当牐橯捥獴䵜䑹汬灁屰祍汄䅬灰䑜扥杵䵜䑹汬灁⹰祍潆浲爮獥畯捲獥਍䑞尺卖偟潲敪瑣屳祍汄䅬灰䵜䑹汬灁屰祍汄䅬灰瘮硣牰橯਍㩄噜当牐橯捥獴䵜䑹汬灁屰祍汄䅬灰䑜扥杵䵜䑹汬灁⹰祍潆浲爮獥畯捲獥਍䑞尺卖偟潲敪瑣屳祍汄䅬灰䵜䑹汬灁屰祍汄䅬灰瘮硣牰橯਍㩄噜当牐橯捥獴䵜䑹汬灁屰祍汄䅬灰䑜扥杵䵜䑹汬灁⹰祍潆浲爮獥畯捲獥਍䑞尺卖偟潲敪瑣屳祍汄䅬灰䵜䑹汬灁屰祍汄䅬灰瘮硣牰橯਍㩄噜当牐橯捥獴䵜䑹汬灁屰祍汄䅬灰䑜扥杵䵜䑹汬灁⹰祍潆浲爮獥畯捲獥਍䑞尺卖偟潲敪瑣屳祍汄䅬灰䵜䑹汬灁屰祍汄䅬灰瘮硣牰橯਍㩄噜当牐橯捥獴䵜䑹汬灁屰祍汄䅬灰䑜扥杵䵜䑹汬灁⹰祍潆浲爮獥畯捲獥਍䑞尺卖偟潲敪瑣屳祍汄䅬灰䵜䑹汬灁屰祍汄䅬灰瘮硣牰橯਍㩄噜当牐橯捥獴䵜䑹汬灁屰祍汄䅬灰䑜扥杵䵜䑹汬灁⹰祍潆浲爮獥畯捲獥਍䑞尺卖偟潲敪瑣屳祍汄䅬灰䵜䑹汬灁屰祍汄䅬灰瘮硣牰橯਍㩄噜当牐橯捥獴䵜䑹汬灁屰祍汄䅬灰䑜扥杵䵜䑹汬灁⹰祍潆浲爮獥畯捲獥਍䑞尺卖偟潲敪瑣屳祍汄䅬灰䵜䑹汬灁屰祍汄䅬灰瘮硣牰橯਍㩄噜当牐橯捥獴䵜䑹汬灁屰祍汄䅬灰䑜扥杵䵜䑹汬灁⹰祍潆浲爮獥畯捲獥਍䑞尺卖偟潲敪瑣屳祍汄䅬灰䵜䑹汬灁屰祍汄䅬灰瘮硣牰橯਍㩄噜当牐橯捥獴䵜䑹汬灁屰祍汄䅬灰䑜扥杵䵜䑹汬灁⹰祍潆浲爮獥畯捲獥਍䑞尺卖偟潲敪瑣屳祍汄䅬灰䵜䑹汬灁屰祍汄䅬灰瘮硣牰橯਍㩄噜当牐橯捥獴䵜䑹汬灁屰祍汄䅬灰䑜扥杵䵜䑹汬灁⹰祍潆浲爮獥畯捲獥਍䑞尺卖偟潲敪瑣屳祍汄䅬灰䵜䑹汬灁屰祍汄䅬灰瘮硣牰橯਍㩄噜当牐橯捥獴䵜䑹汬灁屰祍汄䅬灰䑜扥杵䵜䑹汬灁⹰祍潆浲爮獥畯捲獥਍䑞尺卖偟潲敪瑣屳祍汄䅬灰䵜䑹汬灁屰祍汄䅬灰瘮硣牰橯਍㩄噜当牐橯捥獴䵜䑹汬灁屰祍汄䅬灰䑜扥杵䵜䑹汬灁⹰祍潆浲爮獥畯捲獥਍䑞尺卖偟潲敪瑣屳祍汄䅬灰䵜䑹汬灁屰祍汄䅬灰瘮硣牰橯਍㩄噜当牐橯捥獴䵜䑹汬灁屰祍汄䅬灰䑜扥杵䵜䑹汬灁⹰祍潆浲爮獥畯捲獥਍䑞尺卖偟潲敪瑣屳祍汄䅬灰䵜䑹汬灁屰祍汄䅬灰瘮硣牰橯਍㩄噜当牐橯捥獴䵜䑹汬灁屰祍汄䅬灰䑜扥杵䵜䑹汬灁⹰祍潆浲爮獥畯捲獥਍䑞尺卖偟潲敪瑣屳祍汄䅬灰䵜䑹汬灁屰祍汄䅬灰瘮硣牰橯਍㩄噜当牐橯捥獴䵜䑹汬灁屰祍汄䅬灰䑜扥杵䵜䑹汬灁⹰祍潆浲爮獥畯捲獥਍䑞尺卖偟潲敪瑣屳祍汄䅬灰䵜䑹汬灁屰祍汄䅬灰瘮硣牰橯਍㩄噜当牐橯捥獴䵜䑹汬灁屰祍汄䅬灰䑜扥杵䵜䑹汬灁⹰祍潆浲爮獥畯捲獥਍䑞尺卖偟潲敪瑣屳祍汄䅬灰䵜䑹汬灁屰祍汄䅬灰瘮硣牰橯਍㩄噜当牐橯捥獴䵜䑹汬灁屰祍汄䅬灰䑜扥杵䵜䑹汬灁⹰祍潆浲爮獥畯捲獥਍䑞尺卖偟潲敪瑣屳祍汄䅬灰䵜䑹汬灁屰祍汄䅬灰瘮硣牰橯਍㩄噜当牐橯捥獴䵜䑹汬灁屰祍汄䅬灰䑜扥杵䵜䑹汬灁⹰祍潆浲爮獥畯捲獥਍䑞尺卖偟潲敪瑣屳祍汄䅬灰䵜䑹汬灁屰祍汄䅬灰瘮硣牰橯਍㩄噜当牐橯捥獴䵜䑹汬灁屰祍汄䅬灰䑜扥杵䵜䑹汬灁⹰祍潆浲爮獥畯捲獥਍䑞尺卖偟潲敪瑣屳祍汄䅬灰䵜䑹汬灁屰祍汄䅬灰瘮硣牰橯਍㩄噜当牐橯捥獴䵜䑹汬灁屰祍汄䅬灰䑜扥杵䵜䑹汬灁⹰祍潆浲爮獥畯捲獥਍䑞尺卖偟潲敪瑣屳祍汄䅬灰䵜䑹汬灁屰祍汄䅬灰瘮硣牰橯਍㩄噜当牐橯捥獴䵜䑹汬灁屰祍汄䅬灰䑜扥杵䵜䑹汬灁⹰祍潆浲爮獥畯捲獥਍䑞尺卖偟潲敪瑣屳祍汄䅬灰䵜䑹汬灁屰祍汄䅬灰瘮硣牰橯਍㩄噜当牐橯捥獴䵜䑹汬灁屰祍汄䅬灰䑜扥杵䵜䑹汬灁⹰祍潆浲爮獥畯捲獥਍䑞尺卖偟潲敪瑣屳祍汄䅬灰䵜䑹汬灁屰祍汄䅬灰瘮硣牰橯਍㩄噜当牐橯捥獴䵜䑹汬灁屰祍汄䅬灰䑜扥杵䵜䑹汬灁⹰祍潆浲爮獥畯捲獥਍䑞尺卖偟潲敪瑣屳祍汄䅬灰䵜䑹汬灁屰祍汄䅬灰瘮硣牰橯਍㩄噜当牐橯捥獴䵜䑹汬灁屰祍汄䅬灰䑜扥杵䵜䑹汬灁⹰祍潆浲爮獥畯捲獥਍䑞尺卖偟潲敪瑣屳祍汄䅬灰䵜䑹汬灁屰祍汄䅬灰瘮硣牰橯਍㩄噜当牐橯捥獴䵜䑹汬灁屰祍汄䅬灰䑜扥杵䵜䑹汬灁⹰祍潆浲爮獥畯捲獥਍䑞尺卖偟潲敪瑣屳祍汄䅬灰䵜䑹汬灁屰祍汄䅬灰瘮硣牰橯਍㩄噜当牐橯捥獴䵜䑹汬灁屰祍汄䅬灰䑜扥杵䵜䑹汬灁⹰祍潆浲爮獥畯捲獥਍䑞尺卖偟潲敪瑣屳祍汄䅬灰䵜䑹汬灁屰祍汄䅬灰瘮硣牰橯਍㩄噜当牐橯捥獴䵜䑹汬灁屰祍汄䅬灰䑜扥杵䵜䑹汬灁⹰祍潆浲爮獥畯捲獥਍䑞尺卖偟潲敪瑣屳祍汄䅬灰䵜䑹汬灁屰祍汄䅬灰瘮硣牰橯਍㩄噜当牐橯捥獴䵜䑹汬灁屰祍汄䅬灰䑜扥杵䵜䑹汬灁⹰祍潆浲爮獥畯捲獥਍䑞尺卖偟潲敪瑣屳祍汄䅬灰䵜䑹汬灁屰祍汄䅬灰瘮硣牰橯਍㩄噜当牐橯捥獴䵜䑹汬灁屰祍汄䅬灰䑜扥杵䵜䑹汬灁⹰祍潆浲爮獥畯捲獥਍䑞尺卖偟潲敪瑣屳祍汄䅬灰䵜䑹汬灁屰祍汄䅬灰瘮硣牰橯਍㩄噜当牐橯捥獴䵜䑹汬灁屰祍汄䅬灰䑜扥杵䵜䑹汬灁⹰祍潆浲爮獥畯捲獥਍䑞尺卖偟潲敪瑣屳祍汄䅬灰䵜䑹汬灁屰祍汄䅬灰瘮硣牰橯਍㩄噜当牐橯捥獴䵜䑹汬灁屰祍汄䅬灰䑜扥杵䵜䑹汬灁⹰祍潆浲爮獥畯捲獥਍䑞尺卖偟潲敪瑣屳祍汄䅬灰䵜䑹汬灁屰祍汄䅬灰瘮硣牰橯਍㩄噜当牐橯捥獴䵜䑹汬灁屰祍汄䅬灰䑜扥杵䵜䑹汬灁⹰祍潆浲爮獥畯捲獥਍䑞尺卖偟潲敪瑣屳祍汄䅬灰䵜䑹汬灁屰祍汄䅬灰瘮硣牰橯਍㩄噜当牐橯捥獴䵜䑹汬灁屰祍汄䅬灰䑜扥杵䵜䑹汬灁⹰祍潆浲爮獥畯捲獥਍䑞尺卖偟潲敪瑣屳祍汄䅬灰䵜䑹汬灁屰祍汄䅬灰瘮硣牰橯਍㩄噜当牐橯捥獴䵜䑹汬灁屰祍汄䅬灰䑜扥杵䵜䑹汬灁⹰祍潆浲爮獥畯捲獥਍䑞尺卖偟潲敪瑣屳祍汄䅬灰䵜䑹汬灁屰祍汄䅬灰瘮硣牰橯਍㩄噜当牐橯捥獴䵜䑹汬灁屰祍汄䅬灰䑜扥杵䵜䑹汬灁⹰祍潆浲爮獥畯捲獥਍䑞尺卖偟潲敪瑣屳祍汄䅬灰䵜䑹汬灁屰祍汄䅬灰瘮硣牰橯਍㩄噜当牐橯捥獴䵜䑹汬灁屰祍汄䅬灰䑜扥杵䵜䑹汬灁⹰祍潆浲爮獥畯捲獥਍䑞尺卖偟潲敪瑣屳祍汄䅬灰䵜䑹汬灁屰祍汄䅬灰瘮硣牰橯਍㩄噜当牐橯捥獴䵜䑹汬灁屰祍汄䅬灰䑜扥杵䵜䑹汬灁⹰祍潆浲爮獥畯捲獥਍䑞尺卖偟潲敪瑣屳祍汄䅬灰䵜䑹汬灁屰祍汄䅬灰瘮硣牰橯਍㩄噜当牐橯捥獴䵜䑹汬灁屰祍汄䅬灰䑜扥杵䵜䑹汬灁⹰祍潆浲爮獥畯捲獥਍䑞尺卖偟潲敪瑣屳祍汄䅬灰䵜䑹汬灁屰祍汄䅬灰瘮硣牰橯਍㩄噜当牐橯捥獴䵜䑹汬灁屰祍汄䅬灰䑜扥杵䵜䑹汬灁⹰祍潆浲爮獥畯捲獥਍䑞尺卖偟潲敪瑣屳祍汄䅬灰䵜䑹汬灁屰祍汄䅬灰瘮硣牰橯਍㩄噜当牐橯捥獴䵜䑹汬灁屰祍汄䅬灰䑜扥杵䵜䑹汬灁⹰祍潆浲爮獥畯捲獥਍䑞尺卖偟潲敪瑣屳祍汄䅬灰䵜䑹汬灁屰祍汄䅬灰瘮硣牰橯਍㩄噜当牐橯捥獴䵜䑹汬灁屰祍汄䅬灰䑜扥杵䵜䑹汬灁⹰祍潆浲爮獥畯捲獥਍䑞尺卖偟潲敪瑣屳祍汄䅬灰䵜䑹汬灁屰祍汄䅬灰瘮硣牰橯਍㩄噜当牐橯捥獴䵜䑹汬灁屰祍汄䅬灰䑜扥杵䵜䑹汬灁⹰祍潆浲爮獥畯捲獥਍䑞尺卖偟潲敪瑣屳祍汄䅬灰䵜䑹汬灁屰祍汄䅬灰瘮硣牰橯਍㩄噜当牐橯捥獴䵜䑹汬灁屰祍汄䅬灰䑜扥杵䵜䑹汬灁⹰祍潆浲爮獥畯捲獥਍䑞尺卖偟潲敪瑣屳祍汄䅬灰䵜䑹汬灁屰祍汄䅬灰瘮硣牰橯਍㩄噜当牐橯捥獴䵜䑹汬灁屰祍汄䅬灰䑜扥杵䵜䑹汬灁⹰祍潆浲爮獥畯捲獥਍䑞尺卖偟潲敪瑣屳祍汄䅬灰䵜䑹汬灁屰祍汄䅬灰瘮硣牰橯਍㩄噜当牐橯捥獴䵜䑹汬灁屰祍汄䅬灰䑜扥杵䵜䑹汬灁⹰祍潆浲爮獥畯捲獥਍䑞尺卖偟潲敪瑣屳祍汄䅬灰䵜䑹汬灁屰祍汄䅬灰瘮硣牰橯਍㩄噜当牐橯捥獴䵜䑹汬灁屰祍汄䅬灰䑜扥杵䵜䑹汬灁⹰祍潆浲爮獥畯捲獥਍䑞尺卖偟潲敪瑣屳祍汄䅬灰䵜䑹汬灁屰祍汄䅬灰瘮硣牰橯਍㩄噜当牐橯捥獴䵜䑹汬灁屰祍汄䅬灰䑜扥杵䵜䑹汬灁⹰祍潆浲爮獥畯捲獥਍䑞尺卖偟潲敪瑣屳祍汄䅬灰䵜䑹汬灁屰祍汄䅬灰瘮硣牰橯਍㩄噜当牐橯捥獴䵜䑹汬灁屰祍汄䅬灰䑜扥杵䵜䑹汬灁⹰祍潆浲爮獥畯捲獥਍䑞尺卖偟潲敪瑣屳祍汄䅬灰䵜䑹汬灁屰祍汄䅬灰瘮硣牰橯਍㩄噜当牐橯捥獴䵜䑹汬灁屰祍汄䅬灰䑜扥杵䵜䑹汬灁⹰祍潆浲爮獥畯捲獥਍䑞尺卖偟潲敪瑣屳祍汄䅬灰䵜䑹汬灁屰祍汄䅬灰瘮硣牰橯਍㩄噜当牐橯捥獴䵜䑹汬灁屰祍汄䅬灰䑜扥杵䵜䑹汬灁⹰祍潆浲爮獥畯捲獥਍䑞尺卖偟潲敪瑣屳祍汄䅬灰䵜䑹汬灁屰祍汄䅬灰瘮硣牰橯਍㩄噜当牐橯捥獴䵜䑹汬灁屰祍汄䅬灰䑜扥杵䵜䑹汬灁⹰祍潆浲爮獥畯捲獥਍䑞尺卖偟潲敪瑣屳祍汄䅬灰䵜䑹汬灁屰祍汄䅬灰瘮硣牰橯਍㩄噜当牐橯捥獴䵜䑹汬灁屰祍汄䅬灰䑜扥杵䵜䑹汬灁⹰祍潆浲爮獥畯捲獥਍䑞尺卖偟潲敪瑣屳祍汄䅬灰䵜䑹汬灁屰祍汄䅬灰瘮硣牰橯਍㩄噜当牐橯捥獴䵜䑹汬灁屰祍汄䅬灰䑜扥杵䵜䑹汬灁⹰祍潆浲爮獥畯捲獥਍䑞尺卖偟潲敪瑣屳祍汄䅬灰䵜䑹汬灁屰祍汄䅬灰瘮硣牰橯਍㩄噜当牐橯捥獴䵜䑹汬灁屰祍汄䅬灰䑜扥杵䵜䑹汬灁⹰祍潆浲爮獥畯捲獥਍䑞尺卖偟潲敪瑣屳祍汄䅬灰䵜䑹汬灁屰祍汄䅬灰瘮硣牰橯਍㩄噜当牐橯捥獴䵜䑹汬灁屰祍汄䅬灰䑜扥杵䵜䑹汬灁⹰祍潆浲爮獥畯捲獥਍䑞尺卖偟潲敪瑣屳祍汄䅬灰䵜䑹汬灁屰祍汄䅬灰瘮硣牰橯਍㩄噜当牐橯捥獴䵜䑹汬灁屰祍汄䅬灰䑜扥杵䵜䑹汬灁⹰祍潆浲爮獥畯捲獥਍䑞尺卖偟潲敪瑣屳祍汄䅬灰䵜䑹汬灁屰祍汄䅬灰瘮硣牰橯਍㩄噜当牐橯捥獴䵜䑹汬灁屰祍汄䅬灰䑜扥杵䵜䑹汬灁⹰祍潆浲爮獥畯捲獥਍䑞尺卖偟潲敪瑣屳祍汄䅬灰䵜䑹汬灁屰祍汄䅬灰瘮硣牰橯਍㩄噜当牐橯捥獴䵜䑹汬灁屰祍汄䅬灰䑜扥杵䵜䑹汬灁⹰祍潆浲爮獥畯捲獥਍䑞尺卖偟潲敪瑣屳祍汄䅬灰䵜䑹汬灁屰祍汄䅬灰瘮硣牰橯਍㩄噜当牐橯捥獴䵜䑹汬灁屰祍汄䅬灰䑜扥杵䵜䑹汬灁⹰祍潆浲爮獥畯捲獥਍䑞尺卖偟潲敪瑣屳祍汄䅬灰䵜䑹汬灁屰祍汄䅬灰瘮硣牰橯਍㩄噜当牐橯捥獴䵜䑹汬灁屰祍汄䅬灰䑜扥杵䵜䑹汬灁⹰祍潆浲爮獥畯捲獥਍䑞尺卖偟潲敪瑣屳祍汄䅬灰䵜䑹汬灁屰祍汄䅬灰瘮硣牰橯਍㩄噜当牐橯捥獴䵜䑹汬灁屰祍汄䅬灰䑜扥杵䵜䑹汬灁⹰祍潆浲爮獥畯捲獥਍䑞尺卖偟潲敪瑣屳祍汄䅬灰䵜䑹汬灁屰祍汄䅬灰瘮硣牰橯਍㩄噜当牐橯捥獴䵜䑹汬灁屰祍汄䅬灰䑜扥杵䵜䑹汬灁⹰祍潆浲爮獥畯捲獥਍䑞尺卖偟潲敪瑣屳祍汄䅬灰䵜䑹汬灁屰祍汄䅬灰瘮硣牰橯਍㩄噜当牐橯捥獴䵜䑹汬灁屰祍汄䅬灰䑜扥杵䵜䑹汬灁⹰祍潆浲爮獥畯捲獥਍䑞尺卖偟潲敪瑣屳祍汄䅬灰䵜䑹汬灁屰祍汄䅬灰瘮硣牰橯਍㩄噜当牐橯捥獴䵜䑹汬灁屰祍汄䅬灰䑜扥杵䵜䑹汬灁⹰祍潆浲爮獥畯捲獥਍䑞尺卖偟潲敪瑣屳祍汄䅬灰䵜䑹汬灁屰祍汄䅬灰瘮硣牰橯਍㩄噜当牐橯捥獴䵜䑹汬灁屰祍汄䅬灰䑜扥杵䵜䑹汬灁⹰祍潆浲爮獥畯捲獥਍䑞尺卖偟潲敪瑣屳祍汄䅬灰䵜䑹汬灁屰祍汄䅬灰瘮硣牰橯਍㩄噜当牐橯捥獴䵜䑹汬灁屰祍汄䅬灰䑜扥杵䵜䑹汬灁⹰祍潆浲爮獥畯捲獥਍䑞尺卖偟潲敪瑣屳祍汄䅬灰䵜䑹汬灁屰祍汄䅬灰瘮硣牰橯਍㩄噜当牐橯捥獴䵜䑹汬灁屰祍汄䅬灰䑜扥杵䵜䑹汬灁⹰祍潆浲爮獥畯捲獥਍䑞尺卖偟潲敪瑣屳祍汄䅬灰䵜䑹汬灁屰祍汄䅬灰瘮硣牰橯਍㩄噜当牐橯捥獴䵜䑹汬灁屰祍汄䅬灰䑜扥杵䵜䑹汬灁⹰祍潆浲爮獥畯捲獥਍䑞尺卖偟潲敪瑣屳祍汄䅬灰䵜䑹汬灁屰祍汄䅬灰瘮硣牰橯਍㩄噜当牐橯捥獴䵜䑹汬灁屰祍汄䅬灰䑜扥杵䵜䑹汬灁⹰祍潆浲爮獥畯捲獥਍䑞尺卖偟潲敪瑣屳祍汄䅬灰䵜䑹汬灁屰祍汄䅬灰瘮硣牰橯਍㩄噜当牐橯捥獴䵜䑹汬灁屰祍汄䅬灰䑜扥杵䵜䑹汬灁⹰祍潆浲爮獥畯捲獥਍䑞尺卖偟潲敪瑣屳祍汄䅬灰䵜䑹汬灁屰祍汄䅬灰瘮硣牰橯਍㩄噜当牐橯捥獴䵜䑹汬灁屰祍汄䅬灰䑜扥杵䵜䑹汬灁⹰祍潆浲爮獥畯捲獥਍䑞尺卖偟潲敪瑣屳祍汄䅬灰䵜䑹汬灁屰祍汄䅬灰瘮硣牰橯਍㩄噜当牐橯捥獴䵜䑹汬灁屰祍汄䅬灰䑜扥杵䵜䑹汬灁⹰祍潆浲爮獥畯捲獥਍䑞尺卖偟潲敪瑣屳祍汄䅬灰䵜䑹汬灁屰祍汄䅬灰瘮硣牰橯਍㩄噜当牐橯捥獴䵜䑹汬灁屰祍汄䅬灰䑜扥杵䵜䑹汬灁⹰祍潆浲爮獥畯捲獥਍䑞尺卖偟潲敪瑣屳祍汄䅬灰䵜䑹汬灁屰祍汄䅬灰瘮硣牰橯਍㩄噜当牐橯捥獴䵜䑹汬灁屰祍汄䅬灰䑜扥杵䵜䑹汬灁⹰祍潆浲爮獥畯捲獥਍䑞尺卖偟潲敪瑣屳祍汄䅬灰䵜䑹汬灁屰祍汄䅬灰瘮硣牰橯਍㩄噜当牐橯捥獴䵜䑹汬灁屰祍汄䅬灰䑜扥杵䵜䑹汬灁⹰祍潆浲爮獥畯捲獥਍䑞尺卖偟潲敪瑣屳祍汄䅬灰䵜䑹汬灁屰祍汄䅬灰瘮硣牰橯਍㩄噜当牐橯捥獴䵜䑹汬灁屰祍汄䅬灰䑜扥杵䵜䑹汬灁⹰祍潆浲爮獥畯捲獥਍䑞尺卖偟潲敪瑣屳祍汄䅬灰䵜䑹汬灁屰祍汄䅬灰瘮硣牰橯਍㩄噜当牐橯捥獴䵜䑹汬灁屰祍汄䅬灰䑜扥杵䵜䑹汬灁⹰祍潆浲爮獥畯捲獥਍䑞尺卖偟潲敪瑣屳祍汄䅬灰䵜䑹汬灁屰祍汄䅬灰瘮硣牰橯਍㩄噜当牐橯捥獴䵜䑹汬灁屰祍汄䅬灰䑜扥杵䵜䑹汬灁⹰祍潆浲爮獥畯捲獥਍䑞尺卖偟潲敪瑣屳祍汄䅬灰䵜䑹汬灁屰祍汄䅬灰瘮硣牰橯਍㩄噜当牐橯捥獴䵜䑹汬灁屰祍汄䅬灰䑜扥杵䵜䑹汬灁⹰祍潆浲爮獥畯捲獥਍䑞尺卖偟潲敪瑣屳祍汄䅬灰䵜䑹汬灁屰祍汄䅬灰瘮硣牰橯਍㩄噜当牐橯捥獴䵜䑹汬灁屰祍汄䅬灰䑜扥杵䵜䑹汬灁⹰祍潆浲爮獥畯捲獥਍䑞尺卖偟潲敪瑣屳祍汄䅬灰䵜䑹汬灁屰祍汄䅬灰瘮硣牰橯਍㩄噜当牐橯捥獴䵜䑹汬灁屰祍汄䅬灰䑜扥杵䵜䑹汬灁⹰祍潆浲爮獥畯捲獥਍䑞尺卖偟潲敪瑣屳祍汄䅬灰䵜䑹汬灁屰祍汄䅬灰瘮硣牰橯਍㩄噜当牐橯捥獴䵜䑹汬灁屰祍汄䅬灰䑜扥杵䵜䑹汬灁⹰祍潆浲爮獥畯捲獥਍䑞尺卖偟潲敪瑣屳祍汄䅬灰䵜䑹汬灁屰祍汄䅬灰瘮硣牰橯਍㩄噜当牐橯捥獴䵜䑹汬灁屰祍汄䅬灰䑜扥杵䵜䑹汬灁⹰祍潆浲爮獥畯捲獥਍䑞尺卖偟潲敪瑣屳祍汄䅬灰䵜䑹汬灁屰祍汄䅬灰瘮硣牰橯਍㩄噜当牐橯捥獴䵜䑹汬灁屰祍汄䅬灰䑜扥杵䵜䑹汬灁⹰祍潆浲爮獥畯捲獥਍䑞尺卖偟潲敪瑣屳祍汄䅬灰䵜䑹汬灁屰祍汄䅬灰瘮硣牰橯਍㩄噜当牐橯捥獴䵜䑹汬灁屰祍汄䅬灰䑜扥杵䵜䑹汬灁⹰祍潆浲爮獥畯捲獥਍䑞尺卖偟潲敪瑣屳祍汄䅬灰䵜䑹汬灁屰祍汄䅬灰瘮硣牰橯਍㩄噜当牐橯捥獴䵜䑹汬灁屰祍汄䅬灰䑜扥杵䵜䑹汬灁⹰祍潆浲爮獥畯捲獥਍䑞尺卖偟潲敪瑣屳祍汄䅬灰䵜䑹汬灁屰祍汄䅬灰瘮硣牰橯਍㩄噜当牐橯捥獴䵜䑹汬灁屰祍汄䅬灰䑜扥杵䵜䑹汬灁⹰祍潆浲爮獥畯捲獥਍䑞尺卖偟潲敪瑣屳祍汄䅬灰䵜䑹汬灁屰祍汄䅬灰瘮硣牰橯਍㩄噜当牐橯捥獴䵜䑹汬灁屰祍汄䅬灰䑜扥杵䵜䑹汬灁⹰祍潆浲爮獥畯捲獥਍䑞尺卖偟潲敪瑣屳祍汄䅬灰䵜䑹汬灁屰祍汄䅬灰瘮硣牰橯਍㩄噜当牐橯捥獴䵜䑹汬灁屰祍汄䅬灰䑜扥杵䵜䑹汬灁⹰祍潆浲爮獥畯捲獥਍䑞尺卖偟潲敪瑣屳祍汄䅬灰䵜䑹汬灁屰祍汄䅬灰瘮硣牰橯਍㩄噜当牐橯捥獴䵜䑹汬灁屰祍汄䅬灰䑜扥杵䵜䑹汬灁⹰祍潆浲爮獥畯捲獥਍䑞尺卖偟潲敪瑣屳祍汄䅬灰䵜䑹汬灁屰祍汄䅬灰瘮硣牰橯਍㩄噜当牐橯捥獴䵜䑹汬灁屰祍汄䅬灰䑜扥杵䵜䑹汬灁⹰祍潆浲爮獥畯捲獥਍䑞尺卖偟潲敪瑣屳祍汄䅬灰䵜䑹汬灁屰祍汄䅬灰瘮硣牰橯਍㩄噜当牐橯捥獴䵜䑹汬灁屰祍汄䅬灰䑜扥杵䵜䑹汬灁⹰祍潆浲爮獥畯捲獥਍䑞尺卖偟潲敪瑣屳祍汄䅬灰䵜䑹汬灁屰祍汄䅬灰瘮硣牰橯਍㩄噜当牐橯捥獴䵜䑹汬灁屰祍汄䅬灰䑜扥杵䵜䑹汬灁⹰祍潆浲爮獥畯捲獥਍䑞尺卖偟潲敪瑣屳祍汄䅬灰䵜䑹汬灁屰祍汄䅬灰瘮硣牰橯਍㩄噜当牐橯捥獴䵜䑹汬灁屰祍汄䅬灰䑜扥杵䵜䑹汬灁⹰祍潆浲爮獥畯捲獥਍䑞尺卖偟潲敪瑣屳祍汄䅬灰䵜䑹汬灁屰祍汄䅬灰瘮硣牰橯਍㩄噜当牐橯捥獴䵜䑹汬灁屰祍汄䅬灰䑜扥杵䵜䑹汬灁⹰祍潆浲爮獥畯捲獥਍䑞尺卖偟潲敪瑣屳祍汄䅬灰䵜䑹汬灁屰祍汄䅬灰瘮硣牰橯਍㩄噜当牐橯捥獴䵜䑹汬灁屰祍汄䅬灰䑜扥杵䵜䑹汬灁⹰祍潆浲爮獥畯捲獥਍䑞尺卖偟潲敪瑣屳祍汄䅬灰䵜䑹汬灁屰祍汄䅬灰瘮硣牰橯਍㩄噜当牐橯捥獴䵜䑹汬灁屰祍汄䅬灰䑜扥杵䵜䑹汬灁⹰祍潆浲爮獥畯捲獥਍䑞尺卖偟潲敪瑣屳祍汄䅬灰䵜䑹汬灁屰祍汄䅬灰瘮硣牰橯਍㩄噜当牐橯捥獴䵜䑹汬灁屰祍汄䅬灰䑜扥杵䵜䑹汬灁⹰祍潆浲爮獥畯捲獥਍䑞尺卖偟潲敪瑣屳祍汄䅬灰䵜䑹汬灁屰祍汄䅬灰瘮硣牰橯਍㩄噜当牐橯捥獴䵜䑹汬灁屰祍汄䅬灰䑜扥杵䵜䑹汬灁⹰祍潆浲爮獥畯捲獥਍䑞尺卖偟潲敪瑣屳祍汄䅬灰䵜䑹汬灁屰祍汄䅬灰瘮硣牰橯਍㩄噜当牐橯捥獴䵜䑹汬灁屰祍汄䅬灰䑜扥杵䵜䑹汬灁⹰祍潆浲爮獥畯捲獥਍䑞尺卖偟潲敪瑣屳祍汄䅬灰䵜䑹汬灁屰祍汄䅬灰瘮硣牰橯਍㩄噜当牐橯捥獴䵜䑹汬灁屰祍汄䅬灰䑜扥杵䵜䑹汬灁⹰祍潆浲爮獥畯捲獥਍䑞尺卖偟潲敪瑣屳祍汄䅬灰䵜䑹汬灁屰祍汄䅬灰瘮硣牰橯਍㩄噜当牐橯捥獴䵜䑹汬灁屰祍汄䅬灰䑜扥杵䵜䑹汬灁⹰祍潆浲爮獥畯捲獥਍䑞尺卖偟潲敪瑣屳祍汄䅬灰䵜䑹汬灁屰祍汄䅬灰瘮硣牰橯਍㩄噜当牐橯捥獴䵜䑹汬灁屰祍汄䅬灰䑜扥杵䵜䑹汬灁⹰祍潆浲爮獥畯捲獥਍䑞尺卖偟潲敪瑣屳祍汄䅬灰䵜䑹汬灁屰祍汄䅬灰瘮硣牰橯਍㩄噜当牐橯捥獴䵜䑹汬灁屰祍汄䅬灰䑜扥杵䵜䑹汬灁⹰祍潆浲爮獥畯捲獥਍䑞尺卖偟潲敪瑣屳祍汄䅬灰䵜䑹汬灁屰祍汄䅬灰瘮硣牰橯਍㩄噜当牐橯捥獴䵜䑹汬灁屰祍汄䅬灰䑜扥杵䵜䑹汬灁⹰祍潆浲爮獥畯捲獥਍䑞尺卖偟潲敪瑣屳祍汄䅬灰䵜䑹汬灁屰祍汄䅬灰瘮硣牰橯਍㩄噜当牐橯捥獴䵜䑹汬灁屰祍汄䅬灰䑜扥杵䵜䑹汬灁⹰祍潆浲爮獥畯捲獥਍䑞尺卖偟潲敪瑣屳祍汄䅬灰䵜䑹汬灁屰祍汄䅬灰瘮硣牰橯਍㩄噜当牐橯捥獴䵜䑹汬灁屰祍汄䅬灰䑜扥杵䵜䑹汬灁⹰祍潆浲爮獥畯捲獥਍䑞尺卖偟潲敪瑣屳祍汄䅬灰䵜䑹汬灁屰祍汄䅬灰瘮硣牰橯਍㩄噜当牐橯捥獴䵜䑹汬灁屰祍汄䅬灰䑜扥杵䵜䑹汬灁⹰祍潆浲爮獥畯捲獥਍䑞尺卖偟潲敪瑣屳祍汄䅬灰䵜䑹汬灁屰祍汄䅬灰瘮硣牰橯਍㩄噜当牐橯捥獴䵜䑹汬灁屰祍汄䅬灰䑜扥杵䵜䑹汬灁⹰祍潆浲爮獥畯捲獥਍䑞尺卖偟潲敪瑣屳祍汄䅬灰䵜䑹汬灁屰祍汄䅬灰瘮硣牰橯਍㩄噜当牐橯捥獴䵜䑹汬灁屰祍汄䅬灰䑜扥杵䵜䑹汬灁⹰祍潆浲爮獥畯捲獥਍䑞尺卖偟潲敪瑣屳祍汄䅬灰䵜䑹汬灁屰祍汄䅬灰瘮硣牰橯਍㩄噜当牐橯捥獴䵜䑹汬灁屰祍汄䅬灰䑜扥杵䵜䑹汬灁⹰祍潆浲爮獥畯捲獥਍䑞尺卖偟潲敪瑣屳祍汄䅬灰䵜䑹汬灁屰祍汄䅬灰瘮硣牰橯਍㩄噜当牐橯捥獴䵜䑹汬灁屰祍汄䅬灰䑜扥杵䵜䑹汬灁⹰祍潆浲爮獥畯捲獥਍䑞尺卖偟潲敪瑣屳祍汄䅬灰䵜䑹汬灁屰祍汄䅬灰瘮硣牰橯਍㩄噜当牐橯捥獴䵜䑹汬灁屰祍汄䅬灰䑜扥杵䵜䑹汬灁⹰祍潆浲爮獥畯捲獥਍䑞尺卖偟潲敪瑣屳祍汄䅬灰䵜䑹汬灁屰祍汄䅬灰瘮硣牰橯਍㩄噜当牐橯捥獴䵜䑹汬灁屰祍汄䅬灰䑜扥杵䵜䑹汬灁⹰祍潆浲爮獥畯捲獥਍䑞尺卖偟潲敪瑣屳祍汄䅬灰䵜䑹汬灁屰祍汄䅬灰瘮硣牰橯਍㩄噜当牐橯捥獴䵜䑹汬灁屰祍汄䅬灰䑜扥杵䵜䑹汬灁⹰祍潆浲爮獥畯捲獥਍䑞尺卖偟潲敪瑣屳祍汄䅬灰䵜䑹汬灁屰祍汄䅬灰瘮硣牰橯਍㩄噜当牐橯捥獴䵜䑹汬灁屰祍汄䅬灰䑜扥杵䵜䑹汬灁⹰祍潆浲爮獥畯捲獥਍䑞尺卖偟潲敪瑣屳祍汄䅬灰䵜䑹汬灁屰祍汄䅬灰瘮硣牰橯਍㩄噜当牐橯捥獴䵜䑹汬灁屰祍汄䅬灰䑜扥杵䵜䑹汬灁⹰祍潆浲爮獥畯捲獥਍䑞尺卖偟潲敪瑣屳祍汄䅬灰䵜䑹汬灁屰祍汄䅬灰瘮硣牰橯਍㩄噜当牐橯捥獴䵜䑹汬灁屰祍汄䅬灰䑜扥杵䵜䑹汬灁⹰祍潆浲爮獥畯捲獥਍䑞尺卖偟潲敪瑣屳祍汄䅬灰䵜䑹汬灁屰祍汄䅬灰瘮硣牰橯਍㩄噜当牐橯捥獴䵜䑹汬灁屰祍汄䅬灰䑜扥杵䵜䑹汬灁⹰祍潆浲爮獥畯捲獥਍䑞尺卖偟潲敪瑣屳祍汄䅬灰䵜䑹汬灁屰祍汄䅬灰瘮硣牰橯਍㩄噜当牐橯捥獴䵜䑹汬灁屰祍汄䅬灰䑜扥杵䵜䑹汬灁⹰祍潆浲爮獥畯捲獥਍䑞尺卖偟潲敪瑣屳祍汄䅬灰䵜䑹汬灁屰祍汄䅬灰瘮硣牰橯਍㩄噜当牐橯捥獴䵜䑹汬灁屰祍汄䅬灰䑜扥杵䵜䑹汬灁⹰祍潆浲爮獥畯捲獥਍䑞尺卖偟潲敪瑣屳祍汄䅬灰䵜䑹汬灁屰祍汄䅬灰瘮硣牰橯਍㩄噜当牐橯捥獴䵜䑹汬灁屰祍汄䅬灰䑜扥杵䵜䑹汬灁⹰祍潆浲爮獥畯捲獥਍䍞尺獕牥屳䥖剋䵁偈䑜捯浵湥獴噜獩慵⁬瑓摵潩㈠㄰尲牐橯捥獴䵜䑹汬灁屰祍汄䅬灰䵜䑹汬灁⹰捶灸潲൪䌊尺獕牥屳䥖剋䵁偈䑜捯浵湥獴噜獩慵⁬瑓摵潩㈠㄰尲牐橯捥獴䵜䑹汬灁屰祍汄䅬灰䑜扥杵䵜䑹汬灁⹰祍潆浲爮獥畯捲獥਍䍞尺獕牥屳䥖剋䵁偈䑜捯浵湥獴噜獩慵⁬瑓摵潩㈠㄰尲牐橯捥獴䵜䑹汬灁屰祍汄䅬灰䵜䑹汬灁⹰捶灸潲൪䌊尺獕牥屳䥖剋䵁偈䑜捯浵湥獴噜獩慵⁬瑓摵潩㈠㄰尲牐橯捥獴䵜䑹汬灁屰祍汄䅬灰䑜扥杵䵜䑹汬灁⹰祍潆浲爮獥畯捲獥਍
C:\Users\VIKRAMHP\Documents\Visual Studio 2012\Projects\MyDllApp\MyDllApp\Debug\MyDllApp.vcxproj.GenerateResource.Cache
C:\Users\VIKRAMHP\Documents\Visual Studio 2012\Projects\MyDllApp\MyDllApp\Debug\MyDllApp.vcxprojResolveAssemblyReference.cache
C:\Users\VIKRAMHP\Documents\Visual Studio 2012\Projects\MyDllApp\MyDllApp\Debug\DLLAttach.obj
C:\Users\VIKRAMHP\Documents\Visual Studio 2012\Projects\MyDllApp\MyDllApp\Debug\Kami.obj
C:\Users\VIKRAMHP\Documents\Visual Studio 2012\Projects\MyDllApp\MyDllApp\Debug\MainDLL.obj
C:\Users\VIKRAMHP\Documents\Visual Studio 2012\Projects\MyDllApp\MyDllApp\Debug\MyForm.obj
C:\Users\VIKRAMHP\Documents\Visual Studio 2012\Projects\MyDllApp\MyDllApp\Debug\PointerUtil.obj
C:\Users\VIKRAMHP\Documents\Visual Studio 2012\Projects\MyDllApp\MyDllApp\Debug\Teleport.obj
C:\Users\VIKRAMHP\Documents\Visual Studio 2012\Projects\MyDllApp\MyDllApp\Debug\MyDllApp.MyForm.resources
C:\Users\VIKRAMHP\Documents\Visual Studio 2012\Projects\MyDllApp\MyDllApp\Debug\cl.command.1.tlog
C:\Users\VIKRAMHP\Documents\Visual Studio 2012\Projects\MyDllApp\MyDllApp\Debug\CL.read.1.tlog
C:\Users\VIKRAMHP\Documents\Visual Studio 2012\Projects\MyDllApp\MyDllApp\Debug\CL.write.1.tlog
C:\Users\VIKRAMHP\Documents\Visual Studio 2012\Projects\MyDllApp\MyDllApp\Debug\link.10184-cvtres.read.1.tlog
C:\Users\VIKRAMHP\Documents\Visual Studio 2012\Projects\MyDllApp\MyDllApp\Debug\link.10184-cvtres.write.1.tlog
C:\Users\VIKRAMHP\Documents\Visual Studio 2012\Projects\MyDllApp\MyDllApp\Debug\link.10184-rc.read.1.tlog
C:\Users\VIKRAMHP\Documents\Visual Studio 2012\Projects\MyDllApp\MyDllApp\Debug\link.10184-rc.write.1.tlog
C:\Users\VIKRAMHP\Documents\Visual Studio 2012\Projects\MyDllApp\MyDllApp\Debug\link.10184.read.1.tlog
C:\Users\VIKRAMHP\Documents\Visual Studio 2012\Projects\MyDllApp\MyDllApp\Debug\link.10184.write.1.tlog
C:\Users\VIKRAMHP\Documents\Visual Studio 2012\Projects\MyDllApp\MyDllApp\Debug\link.1020-cvtres.read.1.tlog
C:\Users\VIKRAMHP\Documents\Visual Studio 2012\Projects\MyDllApp\MyDllApp\Debug\link.1020-cvtres.write.1.tlog
C:\Users\VIKRAMHP\Documents\Visual Studio 2012\Projects\MyDllApp\MyDllApp\Debug\link.1020-rc.read.1.tlog
C:\Users\VIKRAMHP\Documents\Visual Studio 2012\Projects\MyDllApp\MyDllApp\Debug\link.1020-rc.write.1.tlog
C:\Users\VIKRAMHP\Documents\Visual Studio 2012\Projects\MyDllApp\MyDllApp\Debug\link.1020.read.1.tlog
C:\Users\VIKRAMHP\Documents\Visual Studio 2012\Projects\MyDllApp\MyDllApp\Debug\link.1020.write.1.tlog
C:\Users\VIKRAMHP\Documents\Visual Studio 2012\Projects\MyDllApp\MyDllApp\Debug\link.12156-cvtres.read.1.tlog
C:\Users\VIKRAMHP\Documents\Visual Studio 2012\Projects\MyDllApp\MyDllApp\Debug\link.12156-cvtres.write.1.tlog
C:\Users\VIKRAMHP\Documents\Visual Studio 2012\Projects\MyDllApp\MyDllApp\Debug\link.12156-rc.read.1.tlog
C:\Users\VIKRAMHP\Documents\Visual Studio 2012\Projects\MyDllApp\MyDllApp\Debug\link.12156-rc.write.1.tlog
C:\Users\VIKRAMHP\Documents\Visual Studio 2012\Projects\MyDllApp\MyDllApp\Debug\link.12156.read.1.tlog
C:\Users\VIKRAMHP\Documents\Visual Studio 2012\Projects\MyDllApp\MyDllApp\Debug\link.12156.write.1.tlog
C:\Users\VIKRAMHP\Documents\Visual Studio 2012\Projects\MyDllApp\MyDllApp\Debug\link.12248-cvtres.read.1.tlog
C:\Users\VIKRAMHP\Documents\Visual Studio 2012\Projects\MyDllApp\MyDllApp\Debug\link.12248-cvtres.write.1.tlog
C:\Users\VIKRAMHP\Documents\Visual Studio 2012\Projects\MyDllApp\MyDllApp\Debug\link.12248-rc.read.1.tlog
C:\Users\VIKRAMHP\Documents\Visual Studio 2012\Projects\MyDllApp\MyDllApp\Debug\link.12248-rc.write.1.tlog
C:\Users\VIKRAMHP\Documents\Visual Studio 2012\Projects\MyDllApp\MyDllApp\Debug\link.12248.read.1.tlog
C:\Users\VIKRAMHP\Documents\Visual Studio 2012\Projects\MyDllApp\MyDllApp\Debug\link.12248.write.1.tlog
C:\Users\VIKRAMHP\Documents\Visual Studio 2012\Projects\MyDllApp\MyDllApp\Debug\link.216-cvtres.read.1.tlog
C:\Users\VIKRAMHP\Documents\Visual Studio 2012\Projects\MyDllApp\MyDllApp\Debug\link.216-cvtres.write.1.tlog
C:\Users\VIKRAMHP\Documents\Visual Studio 2012\Projects\MyDllApp\MyDllApp\Debug\link.216-rc.read.1.tlog
C:\Users\VIKRAMHP\Documents\Visual Studio 2012\Projects\MyDllApp\MyDllApp\Debug\link.216-rc.write.1.tlog
C:\Users\VIKRAMHP\Documents\Visual Studio 2012\Projects\MyDllApp\MyDllApp\Debug\link.216.read.1.tlog
C:\Users\VIKRAMHP\Documents\Visual Studio 2012\Projects\MyDllApp\MyDllApp\Debug\link.216.write.1.tlog
C:\Users\VIKRAMHP\Documents\Visual Studio 2012\Projects\MyDllApp\MyDllApp\Debug\link.22652-cvtres.read.1.tlog
C:\Users\VIKRAMHP\Documents\Visual Studio 2012\Projects\MyDllApp\MyDllApp\Debug\link.22652-cvtres.write.1.tlog
C:\Users\VIKRAMHP\Documents\Visual Studio 2012\Projects\MyDllApp\MyDllApp\Debug\link.22652-rc.read.1.tlog
C:\Users\VIKRAMHP\Documents\Visual Studio 2012\Projects\MyDllApp\MyDllApp\Debug\link.22652-rc.write.1.tlog
C:\Users\VIKRAMHP\Documents\Visual Studio 2012\Projects\MyDllApp\MyDllApp\Debug\link.22652.read.1.tlog
C:\Users\VIKRAMHP\Documents\Visual Studio 2012\Projects\MyDllApp\MyDllApp\Debug\link.22652.write.1.tlog
C:\Users\VIKRAMHP\Documents\Visual Studio 2012\Projects\MyDllApp\MyDllApp\Debug\link.23324-cvtres.read.1.tlog
C:\Users\VIKRAMHP\Documents\Visual Studio 2012\Projects\MyDllApp\MyDllApp\Debug\link.23324-cvtres.write.1.tlog
C:\Users\VIKRAMHP\Documents\Visual Studio 2012\Projects\MyDllApp\MyDllApp\Debug\link.23324-rc.read.1.tlog
C:\Users\VIKRAMHP\Documents\Visual Studio 2012\Projects\MyDllApp\MyDllApp\Debug\link.23324-rc.write.1.tlog
C:\Users\VIKRAMHP\Documents\Visual Studio 2012\Projects\MyDllApp\MyDllApp\Debug\link.23324.read.1.tlog
C:\Users\VIKRAMHP\Documents\Visual Studio 2012\Projects\MyDllApp\MyDllApp\Debug\link.23324.write.1.tlog
C:\Users\VIKRAMHP\Documents\Visual Studio 2012\Projects\MyDllApp\MyDllApp\Debug\link.23956-cvtres.read.1.tlog
C:\Users\VIKRAMHP\Documents\Visual Studio 2012\Projects\MyDllApp\MyDllApp\Debug\link.23956-cvtres.write.1.tlog
C:\Users\VIKRAMHP\Documents\Visual Studio 2012\Projects\MyDllApp\MyDllApp\Debug\link.23956-rc.read.1.tlog
C:\Users\VIKRAMHP\Documents\Visual Studio 2012\Projects\MyDllApp\MyDllApp\Debug\link.23956-rc.write.1.tlog
C:\Users\VIKRAMHP\Documents\Visual Studio 2012\Projects\MyDllApp\MyDllApp\Debug\link.23956.read.1.tlog
C:\Users\VIKRAMHP\Documents\Visual Studio 2012\Projects\MyDllApp\MyDllApp\Debug\link.23956.write.1.tlog
C:\Users\VIKRAMHP\Documents\Visual Studio 2012\Projects\MyDllApp\MyDllApp\Debug\link.25820-cvtres.read.1.tlog
C:\Users\VIKRAMHP\Documents\Visual Studio 2012\Projects\MyDllApp\MyDllApp\Debug\link.25820-cvtres.write.1.tlog
C:\Users\VIKRAMHP\Documents\Visual Studio 2012\Projects\MyDllApp\MyDllApp\Debug\link.25820-rc.read.1.tlog
C:\Users\VIKRAMHP\Documents\Visual Studio 2012\Projects\MyDllApp\MyDllApp\Debug\link.25820-rc.write.1.tlog
C:\Users\VIKRAMHP\Documents\Visual Studio 2012\Projects\MyDllApp\MyDllApp\Debug\link.25820.read.1.tlog
C:\Users\VIKRAMHP\Documents\Visual Studio 2012\Projects\MyDllApp\MyDllApp\Debug\link.25820.write.1.tlog
C:\Users\VIKRAMHP\Documents\Visual Studio 2012\Projects\MyDllApp\MyDllApp\Debug\link.2668-cvtres.read.1.tlog
C:\Users\VIKRAMHP\Documents\Visual Studio 2012\Projects\MyDllApp\MyDllApp\Debug\link.2668-cvtres.write.1.tlog
C:\Users\VIKRAMHP\Documents\Visual Studio 2012\Projects\MyDllApp\MyDllApp\Debug\link.2668-rc.read.1.tlog
C:\Users\VIKRAMHP\Documents\Visual Studio 2012\Projects\MyDllApp\MyDllApp\Debug\link.2668-rc.write.1.tlog
C:\Users\VIKRAMHP\Documents\Visual Studio 2012\Projects\MyDllApp\MyDllApp\Debug\link.2668.read.1.tlog
C:\Users\VIKRAMHP\Documents\Visual Studio 2012\Projects\MyDllApp\MyDllApp\Debug\link.2668.write.1.tlog
C:\Users\VIKRAMHP\Documents\Visual Studio 2012\Projects\MyDllApp\MyDllApp\Debug\link.26928-cvtres.read.1.tlog
C:\Users\VIKRAMHP\Documents\Visual Studio 2012\Projects\MyDllApp\MyDllApp\Debug\link.26928-cvtres.write.1.tlog
C:\Users\VIKRAMHP\Documents\Visual Studio 2012\Projects\MyDllApp\MyDllApp\Debug\link.26928-rc.read.1.tlog
C:\Users\VIKRAMHP\Documents\Visual Studio 2012\Projects\MyDllApp\MyDllApp\Debug\link.26928-rc.write.1.tlog
C:\Users\VIKRAMHP\Documents\Visual Studio 2012\Projects\MyDllApp\MyDllApp\Debug\link.26928.read.1.tlog
C:\Users\VIKRAMHP\Documents\Visual Studio 2012\Projects\MyDllApp\MyDllApp\Debug\link.26928.write.1.tlog
C:\Users\VIKRAMHP\Documents\Visual Studio 2012\Projects\MyDllApp\MyDllApp\Debug\link.27752-cvtres.read.1.tlog
C:\Users\VIKRAMHP\Documents\Visual Studio 2012\Projects\MyDllApp\MyDllApp\Debug\link.27752-cvtres.write.1.tlog
C:\Users\VIKRAMHP\Documents\Visual Studio 2012\Projects\MyDllApp\MyDllApp\Debug\link.27752-rc.read.1.tlog
C:\Users\VIKRAMHP\Documents\Visual Studio 2012\Projects\MyDllApp\MyDllApp\Debug\link.27752-rc.write.1.tlog
C:\Users\VIKRAMHP\Documents\Visual Studio 2012\Projects\MyDllApp\MyDllApp\Debug\link.27752.read.1.tlog
C:\Users\VIKRAMHP\Documents\Visual Studio 2012\Projects\MyDllApp\MyDllApp\Debug\link.27752.write.1.tlog
C:\Users\VIKRAMHP\Documents\Visual Studio 2012\Projects\MyDllApp\MyDllApp\Debug\link.28572-cvtres.read.1.tlog
C:\Users\VIKRAMHP\Documents\Visual Studio 2012\Projects\MyDllApp\MyDllApp\Debug\link.28572-cvtres.write.1.tlog
C:\Users\VIKRAMHP\Documents\Visual Studio 2012\Projects\MyDllApp\MyDllApp\Debug\link.28572-rc.read.1.tlog
C:\Users\VIKRAMHP\Documents\Visual Studio 2012\Projects\MyDllApp\MyDllApp\Debug\link.28572-rc.write.1.tlog
C:\Users\VIKRAMHP\Documents\Visual Studio 2012\Projects\MyDllApp\MyDllApp\Debug\link.28572.read.1.tlog
C:\Users\VIKRAMHP\Documents\Visual Studio 2012\Projects\MyDllApp\MyDllApp\Debug\link.28572.write.1.tlog
C:\Users\VIKRAMHP\Documents\Visual Studio 2012\Projects\MyDllApp\MyDllApp\Debug\link.29632-cvtres.read.1.tlog
C:\Users\VIKRAMHP\Documents\Visual Studio 2012\Projects\MyDllApp\MyDllApp\Debug\link.29632-cvtres.write.1.tlog
C:\Users\VIKRAMHP\Documents\Visual Studio 2012\Projects\MyDllApp\MyDllApp\Debug\link.29632-rc.read.1.tlog
C:\Users\VIKRAMHP\Documents\Visual Studio 2012\Projects\MyDllApp\MyDllApp\Debug\link.29632-rc.write.1.tlog
C:\Users\VIKRAMHP\Documents\Visual Studio 2012\Projects\MyDllApp\MyDllApp\Debug\link.29632.read.1.tlog
C:\Users\VIKRAMHP\Documents\Visual Studio 2012\Projects\MyDllApp\MyDllApp\Debug\link.29632.write.1.tlog
C:\Users\VIKRAMHP\Documents\Visual Studio 2012\Projects\MyDllApp\MyDllApp\Debug\link.30500-cvtres.read.1.tlog
C:\Users\VIKRAMHP\Documents\Visual Studio 2012\Projects\MyDllApp\MyDllApp\Debug\link.30500-cvtres.write.1.tlog
C:\Users\VIKRAMHP\Documents\Visual Studio 2012\Projects\MyDllApp\MyDllApp\Debug\link.30500-rc.read.1.tlog
C:\Users\VIKRAMHP\Documents\Visual Studio 2012\Projects\MyDllApp\MyDllApp\Debug\link.30500-rc.write.1.tlog
C:\Users\VIKRAMHP\Documents\Visual Studio 2012\Projects\MyDllApp\MyDllApp\Debug\link.30500.read.1.tlog
C:\Users\VIKRAMHP\Documents\Visual Studio 2012\Projects\MyDllApp\MyDllApp\Debug\link.30500.write.1.tlog
C:\Users\VIKRAMHP\Documents\Visual Studio 2012\Projects\MyDllApp\MyDllApp\Debug\link.30952-cvtres.read.1.tlog
C:\Users\VIKRAMHP\Documents\Visual Studio 2012\Projects\MyDllApp\MyDllApp\Debug\link.30952-cvtres.write.1.tlog
C:\Users\VIKRAMHP\Documents\Visual Studio 2012\Projects\MyDllApp\MyDllApp\Debug\link.30952-rc.read.1.tlog
C:\Users\VIKRAMHP\Documents\Visual Studio 2012\Projects\MyDllApp\MyDllApp\Debug\link.30952-rc.write.1.tlog
C:\Users\VIKRAMHP\Documents\Visual Studio 2012\Projects\MyDllApp\MyDllApp\Debug\link.30952.read.1.tlog
C:\Users\VIKRAMHP\Documents\Visual Studio 2012\Projects\MyDllApp\MyDllApp\Debug\link.30952.write.1.tlog
C:\Users\VIKRAMHP\Documents\Visual Studio 2012\Projects\MyDllApp\MyDllApp\Debug\link.31008-cvtres.read.1.tlog
C:\Users\VIKRAMHP\Documents\Visual Studio 2012\Projects\MyDllApp\MyDllApp\Debug\link.31008-cvtres.write.1.tlog
C:\Users\VIKRAMHP\Documents\Visual Studio 2012\Projects\MyDllApp\MyDllApp\Debug\link.31008-rc.read.1.tlog
C:\Users\VIKRAMHP\Documents\Visual Studio 2012\Projects\MyDllApp\MyDllApp\Debug\link.31008-rc.write.1.tlog
C:\Users\VIKRAMHP\Documents\Visual Studio 2012\Projects\MyDllApp\MyDllApp\Debug\link.31008.read.1.tlog
C:\Users\VIKRAMHP\Documents\Visual Studio 2012\Projects\MyDllApp\MyDllApp\Debug\link.31008.write.1.tlog
C:\Users\VIKRAMHP\Documents\Visual Studio 2012\Projects\MyDllApp\MyDllApp\Debug\link.31092-cvtres.read.1.tlog
C:\Users\VIKRAMHP\Documents\Visual Studio 2012\Projects\MyDllApp\MyDllApp\Debug\link.31092-cvtres.write.1.tlog
C:\Users\VIKRAMHP\Documents\Visual Studio 2012\Projects\MyDllApp\MyDllApp\Debug\link.31092-rc.read.1.tlog
C:\Users\VIKRAMHP\Documents\Visual Studio 2012\Projects\MyDllApp\MyDllApp\Debug\link.31092-rc.write.1.tlog
C:\Users\VIKRAMHP\Documents\Visual Studio 2012\Projects\MyDllApp\MyDllApp\Debug\link.31092.read.1.tlog
C:\Users\VIKRAMHP\Documents\Visual Studio 2012\Projects\MyDllApp\MyDllApp\Debug\link.31092.write.1.tlog
C:\Users\VIKRAMHP\Documents\Visual Studio 2012\Projects\MyDllApp\MyDllApp\Debug\link.31096-cvtres.read.1.tlog
C:\Users\VIKRAMHP\Documents\Visual Studio 2012\Projects\MyDllApp\MyDllApp\Debug\link.31096-cvtres.write.1.tlog
C:\Users\VIKRAMHP\Documents\Visual Studio 2012\Projects\MyDllApp\MyDllApp\Debug\link.31096-rc.read.1.tlog
C:\Users\VIKRAMHP\Documents\Visual Studio 2012\Projects\MyDllApp\MyDllApp\Debug\link.31096-rc.write.1.tlog
C:\Users\VIKRAMHP\Documents\Visual Studio 2012\Projects\MyDllApp\MyDllApp\Debug\link.31096.read.1.tlog
C:\Users\VIKRAMHP\Documents\Visual Studio 2012\Projects\MyDllApp\MyDllApp\Debug\link.31096.write.1.tlog
C:\Users\VIKRAMHP\Documents\Visual Studio 2012\Projects\MyDllApp\MyDllApp\Debug\link.3120-cvtres.read.1.tlog
C:\Users\VIKRAMHP\Documents\Visual Studio 2012\Projects\MyDllApp\MyDllApp\Debug\link.3120-cvtres.write.1.tlog
C:\Users\VIKRAMHP\Documents\Visual Studio 2012\Projects\MyDllApp\MyDllApp\Debug\link.3120-rc.read.1.tlog
C:\Users\VIKRAMHP\Documents\Visual Studio 2012\Projects\MyDllApp\MyDllApp\Debug\link.3120-rc.write.1.tlog
C:\Users\VIKRAMHP\Documents\Visual Studio 2012\Projects\MyDllApp\MyDllApp\Debug\link.3120.read.1.tlog
C:\Users\VIKRAMHP\Documents\Visual Studio 2012\Projects\MyDllApp\MyDllApp\Debug\link.3120.write.1.tlog
C:\Users\VIKRAMHP\Documents\Visual Studio 2012\Projects\MyDllApp\MyDllApp\Debug\link.31408-cvtres.read.1.tlog
C:\Users\VIKRAMHP\Documents\Visual Studio 2012\Projects\MyDllApp\MyDllApp\Debug\link.31408-cvtres.write.1.tlog
C:\Users\VIKRAMHP\Documents\Visual Studio 2012\Projects\MyDllApp\MyDllApp\Debug\link.31408-rc.read.1.tlog
C:\Users\VIKRAMHP\Documents\Visual Studio 2012\Projects\MyDllApp\MyDllApp\Debug\link.31408-rc.write.1.tlog
C:\Users\VIKRAMHP\Documents\Visual Studio 2012\Projects\MyDllApp\MyDllApp\Debug\link.31408.read.1.tlog
C:\Users\VIKRAMHP\Documents\Visual Studio 2012\Projects\MyDllApp\MyDllApp\Debug\link.31408.write.1.tlog
C:\Users\VIKRAMHP\Documents\Visual Studio 2012\Projects\MyDllApp\MyDllApp\Debug\link.32300-cvtres.read.1.tlog
C:\Users\VIKRAMHP\Documents\Visual Studio 2012\Projects\MyDllApp\MyDllApp\Debug\link.32300-cvtres.write.1.tlog
C:\Users\VIKRAMHP\Documents\Visual Studio 2012\Projects\MyDllApp\MyDllApp\Debug\link.32300-rc.read.1.tlog
C:\Users\VIKRAMHP\Documents\Visual Studio 2012\Projects\MyDllApp\MyDllApp\Debug\link.32300-rc.write.1.tlog
C:\Users\VIKRAMHP\Documents\Visual Studio 2012\Projects\MyDllApp\MyDllApp\Debug\link.32300.read.1.tlog
C:\Users\VIKRAMHP\Documents\Visual Studio 2012\Projects\MyDllApp\MyDllApp\Debug\link.32300.write.1.tlog
C:\Users\VIKRAMHP\Documents\Visual Studio 2012\Projects\MyDllApp\MyDllApp\Debug\link.32460-cvtres.read.1.tlog
C:\Users\VIKRAMHP\Documents\Visual Studio 2012\Projects\MyDllApp\MyDllApp\Debug\link.32460-cvtres.write.1.tlog
C:\Users\VIKRAMHP\Documents\Visual Studio 2012\Projects\MyDllApp\MyDllApp\Debug\link.32460-rc.read.1.tlog
C:\Users\VIKRAMHP\Documents\Visual Studio 2012\Projects\MyDllApp\MyDllApp\Debug\link.32460-rc.write.1.tlog
C:\Users\VIKRAMHP\Documents\Visual Studio 2012\Projects\MyDllApp\MyDllApp\Debug\link.32460.read.1.tlog
C:\Users\VIKRAMHP\Documents\Visual Studio 2012\Projects\MyDllApp\MyDllApp\Debug\link.32460.write.1.tlog
C:\Users\VIKRAMHP\Documents\Visual Studio 2012\Projects\MyDllApp\MyDllApp\Debug\link.32472-cvtres.read.1.tlog
C:\Users\VIKRAMHP\Documents\Visual Studio 2012\Projects\MyDllApp\MyDllApp\Debug\link.32472-cvtres.write.1.tlog
C:\Users\VIKRAMHP\Documents\Visual Studio 2012\Projects\MyDllApp\MyDllApp\Debug\link.32472-rc.read.1.tlog
C:\Users\VIKRAMHP\Documents\Visual Studio 2012\Projects\MyDllApp\MyDllApp\Debug\link.32472-rc.write.1.tlog
C:\Users\VIKRAMHP\Documents\Visual Studio 2012\Projects\MyDllApp\MyDllApp\Debug\link.32472.read.1.tlog
C:\Users\VIKRAMHP\Documents\Visual Studio 2012\Projects\MyDllApp\MyDllApp\Debug\link.32472.write.1.tlog
C:\Users\VIKRAMHP\Documents\Visual Studio 2012\Projects\MyDllApp\MyDllApp\Debug\link.32524-cvtres.read.1.tlog
C:\Users\VIKRAMHP\Documents\Visual Studio 2012\Projects\MyDllApp\MyDllApp\Debug\link.32524-cvtres.write.1.tlog
C:\Users\VIKRAMHP\Documents\Visual Studio 2012\Projects\MyDllApp\MyDllApp\Debug\link.32524-rc.read.1.tlog
C:\Users\VIKRAMHP\Documents\Visual Studio 2012\Projects\MyDllApp\MyDllApp\Debug\link.32524-rc.write.1.tlog
C:\Users\VIKRAMHP\Documents\Visual Studio 2012\Projects\MyDllApp\MyDllApp\Debug\link.32524.read.1.tlog
C:\Users\VIKRAMHP\Documents\Visual Studio 2012\Projects\MyDllApp\MyDllApp\Debug\link.32524.write.1.tlog
C:\Users\VIKRAMHP\Documents\Visual Studio 2012\Projects\MyDllApp\MyDllApp\Debug\link.32692-cvtres.read.1.tlog
C:\Users\VIKRAMHP\Documents\Visual Studio 2012\Projects\MyDllApp\MyDllApp\Debug\link.32692-cvtres.write.1.tlog
C:\Users\VIKRAMHP\Documents\Visual Studio 2012\Projects\MyDllApp\MyDllApp\Debug\link.32692-rc.read.1.tlog
C:\Users\VIKRAMHP\Documents\Visual Studio 2012\Projects\MyDllApp\MyDllApp\Debug\link.32692-rc.write.1.tlog
C:\Users\VIKRAMHP\Documents\Visual Studio 2012\Projects\MyDllApp\MyDllApp\Debug\link.32692.read.1.tlog
C:\Users\VIKRAMHP\Documents\Visual Studio 2012\Projects\MyDllApp\MyDllApp\Debug\link.32692.write.1.tlog
C:\Users\VIKRAMHP\Documents\Visual Studio 2012\Projects\MyDllApp\MyDllApp\Debug\link.32952-cvtres.read.1.tlog
C:\Users\VIKRAMHP\Documents\Visual Studio 2012\Projects\MyDllApp\MyDllApp\Debug\link.32952-cvtres.write.1.tlog
C:\Users\VIKRAMHP\Documents\Visual Studio 2012\Projects\MyDllApp\MyDllApp\Debug\link.32952-rc.read.1.tlog
C:\Users\VIKRAMHP\Documents\Visual Studio 2012\Projects\MyDllApp\MyDllApp\Debug\link.32952-rc.write.1.tlog
C:\Users\VIKRAMHP\Documents\Visual Studio 2012\Projects\MyDllApp\MyDllApp\Debug\link.32952.read.1.tlog
C:\Users\VIKRAMHP\Documents\Visual Studio 2012\Projects\MyDllApp\MyDllApp\Debug\link.32952.write.1.tlog
C:\Users\VIKRAMHP\Documents\Visual Studio 2012\Projects\MyDllApp\MyDllApp\Debug\link.33088-cvtres.read.1.tlog
C:\Users\VIKRAMHP\Documents\Visual Studio 2012\Projects\MyDllApp\MyDllApp\Debug\link.33088-cvtres.write.1.tlog
C:\Users\VIKRAMHP\Documents\Visual Studio 2012\Projects\MyDllApp\MyDllApp\Debug\link.33088-rc.read.1.tlog
C:\Users\VIKRAMHP\Documents\Visual Studio 2012\Projects\MyDllApp\MyDllApp\Debug\link.33088-rc.write.1.tlog
C:\Users\VIKRAMHP\Documents\Visual Studio 2012\Projects\MyDllApp\MyDllApp\Debug\link.33088.read.1.tlog
C:\Users\VIKRAMHP\Documents\Visual Studio 2012\Projects\MyDllApp\MyDllApp\Debug\link.33088.write.1.tlog
C:\Users\VIKRAMHP\Documents\Visual Studio 2012\Projects\MyDllApp\MyDllApp\Debug\link.33116-cvtres.read.1.tlog
C:\Users\VIKRAMHP\Documents\Visual Studio 2012\Projects\MyDllApp\MyDllApp\Debug\link.33116-cvtres.write.1.tlog
C:\Users\VIKRAMHP\Documents\Visual Studio 2012\Projects\MyDllApp\MyDllApp\Debug\link.33116-rc.read.1.tlog
C:\Users\VIKRAMHP\Documents\Visual Studio 2012\Projects\MyDllApp\MyDllApp\Debug\link.33116-rc.write.1.tlog
C:\Users\VIKRAMHP\Documents\Visual Studio 2012\Projects\MyDllApp\MyDllApp\Debug\link.33116.read.1.tlog
C:\Users\VIKRAMHP\Documents\Visual Studio 2012\Projects\MyDllApp\MyDllApp\Debug\link.33116.write.1.tlog
C:\Users\VIKRAMHP\Documents\Visual Studio 2012\Projects\MyDllApp\MyDllApp\Debug\link.33240-cvtres.read.1.tlog
C:\Users\VIKRAMHP\Documents\Visual Studio 2012\Projects\MyDllApp\MyDllApp\Debug\link.33240-cvtres.write.1.tlog
C:\Users\VIKRAMHP\Documents\Visual Studio 2012\Projects\MyDllApp\MyDllApp\Debug\link.33240-rc.read.1.tlog
C:\Users\VIKRAMHP\Documents\Visual Studio 2012\Projects\MyDllApp\MyDllApp\Debug\link.33240-rc.write.1.tlog
C:\Users\VIKRAMHP\Documents\Visual Studio 2012\Projects\MyDllApp\MyDllApp\Debug\link.33240.read.1.tlog
C:\Users\VIKRAMHP\Documents\Visual Studio 2012\Projects\MyDllApp\MyDllApp\Debug\link.33240.write.1.tlog
C:\Users\VIKRAMHP\Documents\Visual Studio 2012\Projects\MyDllApp\MyDllApp\Debug\link.33548-cvtres.read.1.tlog
C:\Users\VIKRAMHP\Documents\Visual Studio 2012\Projects\MyDllApp\MyDllApp\Debug\link.33548-cvtres.write.1.tlog
C:\Users\VIKRAMHP\Documents\Visual Studio 2012\Projects\MyDllApp\MyDllApp\Debug\link.33548-rc.read.1.tlog
C:\Users\VIKRAMHP\Documents\Visual Studio 2012\Projects\MyDllApp\MyDllApp\Debug\link.33548-rc.write.1.tlog
C:\Users\VIKRAMHP\Documents\Visual Studio 2012\Projects\MyDllApp\MyDllApp\Debug\link.33548.read.1.tlog
C:\Users\VIKRAMHP\Documents\Visual Studio 2012\Projects\MyDllApp\MyDllApp\Debug\link.33548.write.1.tlog
C:\Users\VIKRAMHP\Documents\Visual Studio 2012\Projects\MyDllApp\MyDllApp\Debug\link.33972-cvtres.read.1.tlog
C:\Users\VIKRAMHP\Documents\Visual Studio 2012\Projects\MyDllApp\MyDllApp\Debug\link.33972-cvtres.write.1.tlog
C:\Users\VIKRAMHP\Documents\Visual Studio 2012\Projects\MyDllApp\MyDllApp\Debug\link.33972-rc.read.1.tlog
C:\Users\VIKRAMHP\Documents\Visual Studio 2012\Projects\MyDllApp\MyDllApp\Debug\link.33972-rc.write.1.tlog
C:\Users\VIKRAMHP\Documents\Visual Studio 2012\Projects\MyDllApp\MyDllApp\Debug\link.33972.read.1.tlog
C:\Users\VIKRAMHP\Documents\Visual Studio 2012\Projects\MyDllApp\MyDllApp\Debug\link.33972.write.1.tlog
C:\Users\VIKRAMHP\Documents\Visual Studio 2012\Projects\MyDllApp\MyDllApp\Debug\link.34304-cvtres.read.1.tlog
C:\Users\VIKRAMHP\Documents\Visual Studio 2012\Projects\MyDllApp\MyDllApp\Debug\link.34304-cvtres.write.1.tlog
C:\Users\VIKRAMHP\Documents\Visual Studio 2012\Projects\MyDllApp\MyDllApp\Debug\link.34304-rc.read.1.tlog
C:\Users\VIKRAMHP\Documents\Visual Studio 2012\Projects\MyDllApp\MyDllApp\Debug\link.34304-rc.write.1.tlog
C:\Users\VIKRAMHP\Documents\Visual Studio 2012\Projects\MyDllApp\MyDllApp\Debug\link.34304.read.1.tlog
C:\Users\VIKRAMHP\Documents\Visual Studio 2012\Projects\MyDllApp\MyDllApp\Debug\link.34304.write.1.tlog
C:\Users\VIKRAMHP\Documents\Visual Studio 2012\Projects\MyDllApp\MyDllApp\Debug\link.34740-cvtres.read.1.tlog
C:\Users\VIKRAMHP\Documents\Visual Studio 2012\Projects\MyDllApp\MyDllApp\Debug\link.34740-cvtres.write.1.tlog
C:\Users\VIKRAMHP\Documents\Visual Studio 2012\Projects\MyDllApp\MyDllApp\Debug\link.34740-rc.read.1.tlog
C:\Users\VIKRAMHP\Documents\Visual Studio 2012\Projects\MyDllApp\MyDllApp\Debug\link.34740-rc.write.1.tlog
C:\Users\VIKRAMHP\Documents\Visual Studio 2012\Projects\MyDllApp\MyDllApp\Debug\link.34740.read.1.tlog
C:\Users\VIKRAMHP\Documents\Visual Studio 2012\Projects\MyDllApp\MyDllApp\Debug\link.34740.write.1.tlog
C:\Users\VIKRAMHP\Documents\Visual Studio 2012\Projects\MyDllApp\MyDllApp\Debug\link.34788-cvtres.read.1.tlog
C:\Users\VIKRAMHP\Documents\Visual Studio 2012\Projects\MyDllApp\MyDllApp\Debug\link.34788-cvtres.write.1.tlog
C:\Users\VIKRAMHP\Documents\Visual Studio 2012\Projects\MyDllApp\MyDllApp\Debug\link.34788-rc.read.1.tlog
C:\Users\VIKRAMHP\Documents\Visual Studio 2012\Projects\MyDllApp\MyDllApp\Debug\link.34788-rc.write.1.tlog
C:\Users\VIKRAMHP\Documents\Visual Studio 2012\Projects\MyDllApp\MyDllApp\Debug\link.34788.read.1.tlog
C:\Users\VIKRAMHP\Documents\Visual Studio 2012\Projects\MyDllApp\MyDllApp\Debug\link.34788.write.1.tlog
C:\Users\VIKRAMHP\Documents\Visual Studio 2012\Projects\MyDllApp\MyDllApp\Debug\link.35332-cvtres.read.1.tlog
C:\Users\VIKRAMHP\Documents\Visual Studio 2012\Projects\MyDllApp\MyDllApp\Debug\link.35332-cvtres.write.1.tlog
C:\Users\VIKRAMHP\Documents\Visual Studio 2012\Projects\MyDllApp\MyDllApp\Debug\link.35332-rc.read.1.tlog
C:\Users\VIKRAMHP\Documents\Visual Studio 2012\Projects\MyDllApp\MyDllApp\Debug\link.35332-rc.write.1.tlog
C:\Users\VIKRAMHP\Documents\Visual Studio 2012\Projects\MyDllApp\MyDllApp\Debug\link.35332.read.1.tlog
C:\Users\VIKRAMHP\Documents\Visual Studio 2012\Projects\MyDllApp\MyDllApp\Debug\link.35332.write.1.tlog
C:\Users\VIKRAMHP\Documents\Visual Studio 2012\Projects\MyDllApp\MyDllApp\Debug\link.35500-cvtres.read.1.tlog
C:\Users\VIKRAMHP\Documents\Visual Studio 2012\Projects\MyDllApp\MyDllApp\Debug\link.35500-cvtres.write.1.tlog
C:\Users\VIKRAMHP\Documents\Visual Studio 2012\Projects\MyDllApp\MyDllApp\Debug\link.35500-rc.read.1.tlog
C:\Users\VIKRAMHP\Documents\Visual Studio 2012\Projects\MyDllApp\MyDllApp\Debug\link.35500-rc.write.1.tlog
C:\Users\VIKRAMHP\Documents\Visual Studio 2012\Projects\MyDllApp\MyDllApp\Debug\link.35500.read.1.tlog
C:\Users\VIKRAMHP\Documents\Visual Studio 2012\Projects\MyDllApp\MyDllApp\Debug\link.35500.write.1.tlog
C:\Users\VIKRAMHP\Documents\Visual Studio 2012\Projects\MyDllApp\MyDllApp\Debug\link.35532-cvtres.read.1.tlog
C:\Users\VIKRAMHP\Documents\Visual Studio 2012\Projects\MyDllApp\MyDllApp\Debug\link.35532-cvtres.write.1.tlog
C:\Users\VIKRAMHP\Documents\Visual Studio 2012\Projects\MyDllApp\MyDllApp\Debug\link.35532-rc.read.1.tlog
C:\Users\VIKRAMHP\Documents\Visual Studio 2012\Projects\MyDllApp\MyDllApp\Debug\link.35532-rc.write.1.tlog
C:\Users\VIKRAMHP\Documents\Visual Studio 2012\Projects\MyDllApp\MyDllApp\Debug\link.35532.read.1.tlog
C:\Users\VIKRAMHP\Documents\Visual Studio 2012\Projects\MyDllApp\MyDllApp\Debug\link.35532.write.1.tlog
C:\Users\VIKRAMHP\Documents\Visual Studio 2012\Projects\MyDllApp\MyDllApp\Debug\link.35568-cvtres.read.1.tlog
C:\Users\VIKRAMHP\Documents\Visual Studio 2012\Projects\MyDllApp\MyDllApp\Debug\link.35568-cvtres.write.1.tlog
C:\Users\VIKRAMHP\Documents\Visual Studio 2012\Projects\MyDllApp\MyDllApp\Debug\link.35568-rc.read.1.tlog
C:\Users\VIKRAMHP\Documents\Visual Studio 2012\Projects\MyDllApp\MyDllApp\Debug\link.35568-rc.write.1.tlog
C:\Users\VIKRAMHP\Documents\Visual Studio 2012\Projects\MyDllApp\MyDllApp\Debug\link.35568.read.1.tlog
C:\Users\VIKRAMHP\Documents\Visual Studio 2012\Projects\MyDllApp\MyDllApp\Debug\link.35568.write.1.tlog
C:\Users\VIKRAMHP\Documents\Visual Studio 2012\Projects\MyDllApp\MyDllApp\Debug\link.36244-cvtres.read.1.tlog
C:\Users\VIKRAMHP\Documents\Visual Studio 2012\Projects\MyDllApp\MyDllApp\Debug\link.36244-cvtres.write.1.tlog
C:\Users\VIKRAMHP\Documents\Visual Studio 2012\Projects\MyDllApp\MyDllApp\Debug\link.36244-rc.read.1.tlog
C:\Users\VIKRAMHP\Documents\Visual Studio 2012\Projects\MyDllApp\MyDllApp\Debug\link.36244-rc.write.1.tlog
C:\Users\VIKRAMHP\Documents\Visual Studio 2012\Projects\MyDllApp\MyDllApp\Debug\link.36244.read.1.tlog
C:\Users\VIKRAMHP\Documents\Visual Studio 2012\Projects\MyDllApp\MyDllApp\Debug\link.36244.write.1.tlog
C:\Users\VIKRAMHP\Documents\Visual Studio 2012\Projects\MyDllApp\MyDllApp\Debug\link.37140-cvtres.read.1.tlog
C:\Users\VIKRAMHP\Documents\Visual Studio 2012\Projects\MyDllApp\MyDllApp\Debug\link.37140-cvtres.write.1.tlog
C:\Users\VIKRAMHP\Documents\Visual Studio 2012\Projects\MyDllApp\MyDllApp\Debug\link.37140-rc.read.1.tlog
C:\Users\VIKRAMHP\Documents\Visual Studio 2012\Projects\MyDllApp\MyDllApp\Debug\link.37140-rc.write.1.tlog
C:\Users\VIKRAMHP\Documents\Visual Studio 2012\Projects\MyDllApp\MyDllApp\Debug\link.37140.read.1.tlog
C:\Users\VIKRAMHP\Documents\Visual Studio 2012\Projects\MyDllApp\MyDllApp\Debug\link.37140.write.1.tlog
C:\Users\VIKRAMHP\Documents\Visual Studio 2012\Projects\MyDllApp\MyDllApp\Debug\link.37332-cvtres.read.1.tlog
C:\Users\VIKRAMHP\Documents\Visual Studio 2012\Projects\MyDllApp\MyDllApp\Debug\link.37332-cvtres.write.1.tlog
C:\Users\VIKRAMHP\Documents\Visual Studio 2012\Projects\MyDllApp\MyDllApp\Debug\link.37332-rc.read.1.tlog
C:\Users\VIKRAMHP\Documents\Visual Studio 2012\Projects\MyDllApp\MyDllApp\Debug\link.37332-rc.write.1.tlog
C:\Users\VIKRAMHP\Documents\Visual Studio 2012\Projects\MyDllApp\MyDllApp\Debug\link.37332.read.1.tlog
C:\Users\VIKRAMHP\Documents\Visual Studio 2012\Projects\MyDllApp\MyDllApp\Debug\link.37332.write.1.tlog
C:\Users\VIKRAMHP\Documents\Visual Studio 2012\Projects\MyDllApp\MyDllApp\Debug\link.38392-cvtres.read.1.tlog
C:\Users\VIKRAMHP\Documents\Visual Studio 2012\Projects\MyDllApp\MyDllApp\Debug\link.38392-cvtres.write.1.tlog
C:\Users\VIKRAMHP\Documents\Visual Studio 2012\Projects\MyDllApp\MyDllApp\Debug\link.38392-rc.read.1.tlog
C:\Users\VIKRAMHP\Documents\Visual Studio 2012\Projects\MyDllApp\MyDllApp\Debug\link.38392-rc.write.1.tlog
C:\Users\VIKRAMHP\Documents\Visual Studio 2012\Projects\MyDllApp\MyDllApp\Debug\link.38392.read.1.tlog
C:\Users\VIKRAMHP\Documents\Visual Studio 2012\Projects\MyDllApp\MyDllApp\Debug\link.38392.write.1.tlog
C:\Users\VIKRAMHP\Documents\Visual Studio 2012\Projects\MyDllApp\MyDllApp\Debug\link.38592-cvtres.read.1.tlog
C:\Users\VIKRAMHP\Documents\Visual Studio 2012\Projects\MyDllApp\MyDllApp\Debug\link.38592-cvtres.write.1.tlog
C:\Users\VIKRAMHP\Documents\Visual Studio 2012\Projects\MyDllApp\MyDllApp\Debug\link.38592-rc.read.1.tlog
C:\Users\VIKRAMHP\Documents\Visual Studio 2012\Projects\MyDllApp\MyDllApp\Debug\link.38592-rc.write.1.tlog
C:\Users\VIKRAMHP\Documents\Visual Studio 2012\Projects\MyDllApp\MyDllApp\Debug\link.38592.read.1.tlog
C:\Users\VIKRAMHP\Documents\Visual Studio 2012\Projects\MyDllApp\MyDllApp\Debug\link.38592.write.1.tlog
C:\Users\VIKRAMHP\Documents\Visual Studio 2012\Projects\MyDllApp\MyDllApp\Debug\link.39240-cvtres.read.1.tlog
C:\Users\VIKRAMHP\Documents\Visual Studio 2012\Projects\MyDllApp\MyDllApp\Debug\link.39240-cvtres.write.1.tlog
C:\Users\VIKRAMHP\Documents\Visual Studio 2012\Projects\MyDllApp\MyDllApp\Debug\link.39240-rc.read.1.tlog
C:\Users\VIKRAMHP\Documents\Visual Studio 2012\Projects\MyDllApp\MyDllApp\Debug\link.39240-rc.write.1.tlog
C:\Users\VIKRAMHP\Documents\Visual Studio 2012\Projects\MyDllApp\MyDllApp\Debug\link.39240.read.1.tlog
C:\Users\VIKRAMHP\Documents\Visual Studio 2012\Projects\MyDllApp\MyDllApp\Debug\link.39240.write.1.tlog
C:\Users\VIKRAMHP\Documents\Visual Studio 2012\Projects\MyDllApp\MyDllApp\Debug\link.39328-cvtres.read.1.tlog
C:\Users\VIKRAMHP\Documents\Visual Studio 2012\Projects\MyDllApp\MyDllApp\Debug\link.39328-cvtres.write.1.tlog
C:\Users\VIKRAMHP\Documents\Visual Studio 2012\Projects\MyDllApp\MyDllApp\Debug\link.39328-rc.read.1.tlog
C:\Users\VIKRAMHP\Documents\Visual Studio 2012\Projects\MyDllApp\MyDllApp\Debug\link.39328-rc.write.1.tlog
C:\Users\VIKRAMHP\Documents\Visual Studio 2012\Projects\MyDllApp\MyDllApp\Debug\link.39328.read.1.tlog
C:\Users\VIKRAMHP\Documents\Visual Studio 2012\Projects\MyDllApp\MyDllApp\Debug\link.39328.write.1.tlog
C:\Users\VIKRAMHP\Documents\Visual Studio 2012\Projects\MyDllApp\MyDllApp\Debug\link.39544-cvtres.read.1.tlog
C:\Users\VIKRAMHP\Documents\Visual Studio 2012\Projects\MyDllApp\MyDllApp\Debug\link.39544-cvtres.write.1.tlog
C:\Users\VIKRAMHP\Documents\Visual Studio 2012\Projects\MyDllApp\MyDllApp\Debug\link.39544-rc.read.1.tlog
C:\Users\VIKRAMHP\Documents\Visual Studio 2012\Projects\MyDllApp\MyDllApp\Debug\link.39544-rc.write.1.tlog
C:\Users\VIKRAMHP\Documents\Visual Studio 2012\Projects\MyDllApp\MyDllApp\Debug\link.39544.read.1.tlog
C:\Users\VIKRAMHP\Documents\Visual Studio 2012\Projects\MyDllApp\MyDllApp\Debug\link.39544.write.1.tlog
C:\Users\VIKRAMHP\Documents\Visual Studio 2012\Projects\MyDllApp\MyDllApp\Debug\link.39856-cvtres.read.1.tlog
C:\Users\VIKRAMHP\Documents\Visual Studio 2012\Projects\MyDllApp\MyDllApp\Debug\link.39856-cvtres.write.1.tlog
C:\Users\VIKRAMHP\Documents\Visual Studio 2012\Projects\MyDllApp\MyDllApp\Debug\link.39856-rc.read.1.tlog
C:\Users\VIKRAMHP\Documents\Visual Studio 2012\Projects\MyDllApp\MyDllApp\Debug\link.39856-rc.write.1.tlog
C:\Users\VIKRAMHP\Documents\Visual Studio 2012\Projects\MyDllApp\MyDllApp\Debug\link.39856.read.1.tlog
C:\Users\VIKRAMHP\Documents\Visual Studio 2012\Projects\MyDllApp\MyDllApp\Debug\link.39856.write.1.tlog
C:\Users\VIKRAMHP\Documents\Visual Studio 2012\Projects\MyDllApp\MyDllApp\Debug\link.40056-cvtres.read.1.tlog
C:\Users\VIKRAMHP\Documents\Visual Studio 2012\Projects\MyDllApp\MyDllApp\Debug\link.40056-cvtres.write.1.tlog
C:\Users\VIKRAMHP\Documents\Visual Studio 2012\Projects\MyDllApp\MyDllApp\Debug\link.40056-rc.read.1.tlog
C:\Users\VIKRAMHP\Documents\Visual Studio 2012\Projects\MyDllApp\MyDllApp\Debug\link.40056-rc.write.1.tlog
C:\Users\VIKRAMHP\Documents\Visual Studio 2012\Projects\MyDllApp\MyDllApp\Debug\link.40056.read.1.tlog
C:\Users\VIKRAMHP\Documents\Visual Studio 2012\Projects\MyDllApp\MyDllApp\Debug\link.40056.write.1.tlog
C:\Users\VIKRAMHP\Documents\Visual Studio 2012\Projects\MyDllApp\MyDllApp\Debug\link.40768-cvtres.read.1.tlog
C:\Users\VIKRAMHP\Documents\Visual Studio 2012\Projects\MyDllApp\MyDllApp\Debug\link.40768-cvtres.write.1.tlog
C:\Users\VIKRAMHP\Documents\Visual Studio 2012\Projects\MyDllApp\MyDllApp\Debug\link.40768-rc.read.1.tlog
C:\Users\VIKRAMHP\Documents\Visual Studio 2012\Projects\MyDllApp\MyDllApp\Debug\link.40768-rc.write.1.tlog
C:\Users\VIKRAMHP\Documents\Visual Studio 2012\Projects\MyDllApp\MyDllApp\Debug\link.40768.read.1.tlog
C:\Users\VIKRAMHP\Documents\Visual Studio 2012\Projects\MyDllApp\MyDllApp\Debug\link.40768.write.1.tlog
C:\Users\VIKRAMHP\Documents\Visual Studio 2012\Projects\MyDllApp\MyDllApp\Debug\link.40828-cvtres.read.1.tlog
C:\Users\VIKRAMHP\Documents\Visual Studio 2012\Projects\MyDllApp\MyDllApp\Debug\link.40828-cvtres.write.1.tlog
C:\Users\VIKRAMHP\Documents\Visual Studio 2012\Projects\MyDllApp\MyDllApp\Debug\link.40828-rc.read.1.tlog
C:\Users\VIKRAMHP\Documents\Visual Studio 2012\Projects\MyDllApp\MyDllApp\Debug\link.40828-rc.write.1.tlog
C:\Users\VIKRAMHP\Documents\Visual Studio 2012\Projects\MyDllApp\MyDllApp\Debug\link.40828.read.1.tlog
C:\Users\VIKRAMHP\Documents\Visual Studio 2012\Projects\MyDllApp\MyDllApp\Debug\link.40828.write.1.tlog
C:\Users\VIKRAMHP\Documents\Visual Studio 2012\Projects\MyDllApp\MyDllApp\Debug\link.41364-cvtres.read.1.tlog
C:\Users\VIKRAMHP\Documents\Visual Studio 2012\Projects\MyDllApp\MyDllApp\Debug\link.41364-cvtres.write.1.tlog
C:\Users\VIKRAMHP\Documents\Visual Studio 2012\Projects\MyDllApp\MyDllApp\Debug\link.41364-rc.read.1.tlog
C:\Users\VIKRAMHP\Documents\Visual Studio 2012\Projects\MyDllApp\MyDllApp\Debug\link.41364-rc.write.1.tlog
C:\Users\VIKRAMHP\Documents\Visual Studio 2012\Projects\MyDllApp\MyDllApp\Debug\link.41364.read.1.tlog
C:\Users\VIKRAMHP\Documents\Visual Studio 2012\Projects\MyDllApp\MyDllApp\Debug\link.41364.write.1.tlog
C:\Users\VIKRAMHP\Documents\Visual Studio 2012\Projects\MyDllApp\MyDllApp\Debug\link.41816-cvtres.read.1.tlog
C:\Users\VIKRAMHP\Documents\Visual Studio 2012\Projects\MyDllApp\MyDllApp\Debug\link.41816-cvtres.write.1.tlog
C:\Users\VIKRAMHP\Documents\Visual Studio 2012\Projects\MyDllApp\MyDllApp\Debug\link.41816-rc.read.1.tlog
C:\Users\VIKRAMHP\Documents\Visual Studio 2012\Projects\MyDllApp\MyDllApp\Debug\link.41816-rc.write.1.tlog
C:\Users\VIKRAMHP\Documents\Visual Studio 2012\Projects\MyDllApp\MyDllApp\Debug\link.41816.read.1.tlog
C:\Users\VIKRAMHP\Documents\Visual Studio 2012\Projects\MyDllApp\MyDllApp\Debug\link.41816.write.1.tlog
C:\Users\VIKRAMHP\Documents\Visual Studio 2012\Projects\MyDllApp\MyDllApp\Debug\link.41888-cvtres.read.1.tlog
C:\Users\VIKRAMHP\Documents\Visual Studio 2012\Projects\MyDllApp\MyDllApp\Debug\link.41888-cvtres.write.1.tlog
C:\Users\VIKRAMHP\Documents\Visual Studio 2012\Projects\MyDllApp\MyDllApp\Debug\link.41888-rc.read.1.tlog
C:\Users\VIKRAMHP\Documents\Visual Studio 2012\Projects\MyDllApp\MyDllApp\Debug\link.41888-rc.write.1.tlog
C:\Users\VIKRAMHP\Documents\Visual Studio 2012\Projects\MyDllApp\MyDllApp\Debug\link.41888.read.1.tlog
C:\Users\VIKRAMHP\Documents\Visual Studio 2012\Projects\MyDllApp\MyDllApp\Debug\link.41888.write.1.tlog
C:\Users\VIKRAMHP\Documents\Visual Studio 2012\Projects\MyDllApp\MyDllApp\Debug\link.41988-cvtres.read.1.tlog
C:\Users\VIKRAMHP\Documents\Visual Studio 2012\Projects\MyDllApp\MyDllApp\Debug\link.41988-cvtres.write.1.tlog
C:\Users\VIKRAMHP\Documents\Visual Studio 2012\Projects\MyDllApp\MyDllApp\Debug\link.41988-rc.read.1.tlog
C:\Users\VIKRAMHP\Documents\Visual Studio 2012\Projects\MyDllApp\MyDllApp\Debug\link.41988-rc.write.1.tlog
C:\Users\VIKRAMHP\Documents\Visual Studio 2012\Projects\MyDllApp\MyDllApp\Debug\link.41988.read.1.tlog
C:\Users\VIKRAMHP\Documents\Visual Studio 2012\Projects\MyDllApp\MyDllApp\Debug\link.41988.write.1.tlog
C:\Users\VIKRAMHP\Documents\Visual Studio 2012\Projects\MyDllApp\MyDllApp\Debug\link.42036-cvtres.read.1.tlog
C:\Users\VIKRAMHP\Documents\Visual Studio 2012\Projects\MyDllApp\MyDllApp\Debug\link.42036-cvtres.write.1.tlog
C:\Users\VIKRAMHP\Documents\Visual Studio 2012\Projects\MyDllApp\MyDllApp\Debug\link.42036-rc.read.1.tlog
C:\Users\VIKRAMHP\Documents\Visual Studio 2012\Projects\MyDllApp\MyDllApp\Debug\link.42036-rc.write.1.tlog
C:\Users\VIKRAMHP\Documents\Visual Studio 2012\Projects\MyDllApp\MyDllApp\Debug\link.42036.read.1.tlog
C:\Users\VIKRAMHP\Documents\Visual Studio 2012\Projects\MyDllApp\MyDllApp\Debug\link.42036.write.1.tlog
C:\Users\VIKRAMHP\Documents\Visual Studio 2012\Projects\MyDllApp\MyDllApp\Debug\link.42040-cvtres.read.1.tlog
C:\Users\VIKRAMHP\Documents\Visual Studio 2012\Projects\MyDllApp\MyDllApp\Debug\link.42040-cvtres.write.1.tlog
C:\Users\VIKRAMHP\Documents\Visual Studio 2012\Projects\MyDllApp\MyDllApp\Debug\link.42040-rc.read.1.tlog
C:\Users\VIKRAMHP\Documents\Visual Studio 2012\Projects\MyDllApp\MyDllApp\Debug\link.42040-rc.write.1.tlog
C:\Users\VIKRAMHP\Documents\Visual Studio 2012\Projects\MyDllApp\MyDllApp\Debug\link.42040.read.1.tlog
C:\Users\VIKRAMHP\Documents\Visual Studio 2012\Projects\MyDllApp\MyDllApp\Debug\link.42040.write.1.tlog
C:\Users\VIKRAMHP\Documents\Visual Studio 2012\Projects\MyDllApp\MyDllApp\Debug\link.42060-cvtres.read.1.tlog
C:\Users\VIKRAMHP\Documents\Visual Studio 2012\Projects\MyDllApp\MyDllApp\Debug\link.42060-cvtres.write.1.tlog
C:\Users\VIKRAMHP\Documents\Visual Studio 2012\Projects\MyDllApp\MyDllApp\Debug\link.42060-rc.read.1.tlog
C:\Users\VIKRAMHP\Documents\Visual Studio 2012\Projects\MyDllApp\MyDllApp\Debug\link.42060-rc.write.1.tlog
C:\Users\VIKRAMHP\Documents\Visual Studio 2012\Projects\MyDllApp\MyDllApp\Debug\link.42060.read.1.tlog
C:\Users\VIKRAMHP\Documents\Visual Studio 2012\Projects\MyDllApp\MyDllApp\Debug\link.42060.write.1.tlog
C:\Users\VIKRAMHP\Documents\Visual Studio 2012\Projects\MyDllApp\MyDllApp\Debug\link.42236-cvtres.read.1.tlog
C:\Users\VIKRAMHP\Documents\Visual Studio 2012\Projects\MyDllApp\MyDllApp\Debug\link.42236-cvtres.write.1.tlog
C:\Users\VIKRAMHP\Documents\Visual Studio 2012\Projects\MyDllApp\MyDllApp\Debug\link.42236-rc.read.1.tlog
C:\Users\VIKRAMHP\Documents\Visual Studio 2012\Projects\MyDllApp\MyDllApp\Debug\link.42236-rc.write.1.tlog
C:\Users\VIKRAMHP\Documents\Visual Studio 2012\Projects\MyDllApp\MyDllApp\Debug\link.42236.read.1.tlog
C:\Users\VIKRAMHP\Documents\Visual Studio 2012\Projects\MyDllApp\MyDllApp\Debug\link.42236.write.1.tlog
C:\Users\VIKRAMHP\Documents\Visual Studio 2012\Projects\MyDllApp\MyDllApp\Debug\link.42452-cvtres.read.1.tlog
C:\Users\VIKRAMHP\Documents\Visual Studio 2012\Projects\MyDllApp\MyDllApp\Debug\link.42452-cvtres.write.1.tlog
C:\Users\VIKRAMHP\Documents\Visual Studio 2012\Projects\MyDllApp\MyDllApp\Debug\link.42452-rc.read.1.tlog
C:\Users\VIKRAMHP\Documents\Visual Studio 2012\Projects\MyDllApp\MyDllApp\Debug\link.42452-rc.write.1.tlog
C:\Users\VIKRAMHP\Documents\Visual Studio 2012\Projects\MyDllApp\MyDllApp\Debug\link.42452.read.1.tlog
C:\Users\VIKRAMHP\Documents\Visual Studio 2012\Projects\MyDllApp\MyDllApp\Debug\link.42452.write.1.tlog
C:\Users\VIKRAMHP\Documents\Visual Studio 2012\Projects\MyDllApp\MyDllApp\Debug\link.42564-cvtres.read.1.tlog
C:\Users\VIKRAMHP\Documents\Visual Studio 2012\Projects\MyDllApp\MyDllApp\Debug\link.42564-cvtres.write.1.tlog
C:\Users\VIKRAMHP\Documents\Visual Studio 2012\Projects\MyDllApp\MyDllApp\Debug\link.42564-rc.read.1.tlog
C:\Users\VIKRAMHP\Documents\Visual Studio 2012\Projects\MyDllApp\MyDllApp\Debug\link.42564-rc.write.1.tlog
C:\Users\VIKRAMHP\Documents\Visual Studio 2012\Projects\MyDllApp\MyDllApp\Debug\link.42564.read.1.tlog
C:\Users\VIKRAMHP\Documents\Visual Studio 2012\Projects\MyDllApp\MyDllApp\Debug\link.42564.write.1.tlog
C:\Users\VIKRAMHP\Documents\Visual Studio 2012\Projects\MyDllApp\MyDllApp\Debug\link.42756-cvtres.read.1.tlog
C:\Users\VIKRAMHP\Documents\Visual Studio 2012\Projects\MyDllApp\MyDllApp\Debug\link.42756-cvtres.write.1.tlog
C:\Users\VIKRAMHP\Documents\Visual Studio 2012\Projects\MyDllApp\MyDllApp\Debug\link.42756-rc.read.1.tlog
C:\Users\VIKRAMHP\Documents\Visual Studio 2012\Projects\MyDllApp\MyDllApp\Debug\link.42756-rc.write.1.tlog
C:\Users\VIKRAMHP\Documents\Visual Studio 2012\Projects\MyDllApp\MyDllApp\Debug\link.42756.read.1.tlog
C:\Users\VIKRAMHP\Documents\Visual Studio 2012\Projects\MyDllApp\MyDllApp\Debug\link.42756.write.1.tlog
C:\Users\VIKRAMHP\Documents\Visual Studio 2012\Projects\MyDllApp\MyDllApp\Debug\link.42872-cvtres.read.1.tlog
C:\Users\VIKRAMHP\Documents\Visual Studio 2012\Projects\MyDllApp\MyDllApp\Debug\link.42872-cvtres.write.1.tlog
C:\Users\VIKRAMHP\Documents\Visual Studio 2012\Projects\MyDllApp\MyDllApp\Debug\link.42872-rc.read.1.tlog
C:\Users\VIKRAMHP\Documents\Visual Studio 2012\Projects\MyDllApp\MyDllApp\Debug\link.42872-rc.write.1.tlog
C:\Users\VIKRAMHP\Documents\Visual Studio 2012\Projects\MyDllApp\MyDllApp\Debug\link.42872.read.1.tlog
C:\Users\VIKRAMHP\Documents\Visual Studio 2012\Projects\MyDllApp\MyDllApp\Debug\link.42872.write.1.tlog
C:\Users\VIKRAMHP\Documents\Visual Studio 2012\Projects\MyDllApp\MyDllApp\Debug\link.42964-cvtres.read.1.tlog
C:\Users\VIKRAMHP\Documents\Visual Studio 2012\Projects\MyDllApp\MyDllApp\Debug\link.42964-cvtres.write.1.tlog
C:\Users\VIKRAMHP\Documents\Visual Studio 2012\Projects\MyDllApp\MyDllApp\Debug\link.42964-rc.read.1.tlog
C:\Users\VIKRAMHP\Documents\Visual Studio 2012\Projects\MyDllApp\MyDllApp\Debug\link.42964-rc.write.1.tlog
C:\Users\VIKRAMHP\Documents\Visual Studio 2012\Projects\MyDllApp\MyDllApp\Debug\link.42964.read.1.tlog
C:\Users\VIKRAMHP\Documents\Visual Studio 2012\Projects\MyDllApp\MyDllApp\Debug\link.42964.write.1.tlog
C:\Users\VIKRAMHP\Documents\Visual Studio 2012\Projects\MyDllApp\MyDllApp\Debug\link.43104-cvtres.read.1.tlog
C:\Users\VIKRAMHP\Documents\Visual Studio 2012\Projects\MyDllApp\MyDllApp\Debug\link.43104-cvtres.write.1.tlog
C:\Users\VIKRAMHP\Documents\Visual Studio 2012\Projects\MyDllApp\MyDllApp\Debug\link.43104-rc.read.1.tlog
C:\Users\VIKRAMHP\Documents\Visual Studio 2012\Projects\MyDllApp\MyDllApp\Debug\link.43104-rc.write.1.tlog
C:\Users\VIKRAMHP\Documents\Visual Studio 2012\Projects\MyDllApp\MyDllApp\Debug\link.43104.read.1.tlog
C:\Users\VIKRAMHP\Documents\Visual Studio 2012\Projects\MyDllApp\MyDllApp\Debug\link.43104.write.1.tlog
C:\Users\VIKRAMHP\Documents\Visual Studio 2012\Projects\MyDllApp\MyDllApp\Debug\link.43484-cvtres.read.1.tlog
C:\Users\VIKRAMHP\Documents\Visual Studio 2012\Projects\MyDllApp\MyDllApp\Debug\link.43484-cvtres.write.1.tlog
C:\Users\VIKRAMHP\Documents\Visual Studio 2012\Projects\MyDllApp\MyDllApp\Debug\link.43484-rc.read.1.tlog
C:\Users\VIKRAMHP\Documents\Visual Studio 2012\Projects\MyDllApp\MyDllApp\Debug\link.43484-rc.write.1.tlog
C:\Users\VIKRAMHP\Documents\Visual Studio 2012\Projects\MyDllApp\MyDllApp\Debug\link.43484.read.1.tlog
C:\Users\VIKRAMHP\Documents\Visual Studio 2012\Projects\MyDllApp\MyDllApp\Debug\link.43484.write.1.tlog
C:\Users\VIKRAMHP\Documents\Visual Studio 2012\Projects\MyDllApp\MyDllApp\Debug\link.4352-cvtres.read.1.tlog
C:\Users\VIKRAMHP\Documents\Visual Studio 2012\Projects\MyDllApp\MyDllApp\Debug\link.4352-cvtres.write.1.tlog
C:\Users\VIKRAMHP\Documents\Visual Studio 2012\Projects\MyDllApp\MyDllApp\Debug\link.4352-rc.read.1.tlog
C:\Users\VIKRAMHP\Documents\Visual Studio 2012\Projects\MyDllApp\MyDllApp\Debug\link.4352-rc.write.1.tlog
C:\Users\VIKRAMHP\Documents\Visual Studio 2012\Projects\MyDllApp\MyDllApp\Debug\link.4352.read.1.tlog
C:\Users\VIKRAMHP\Documents\Visual Studio 2012\Projects\MyDllApp\MyDllApp\Debug\link.4352.write.1.tlog
C:\Users\VIKRAMHP\Documents\Visual Studio 2012\Projects\MyDllApp\MyDllApp\Debug\link.43760-cvtres.read.1.tlog
C:\Users\VIKRAMHP\Documents\Visual Studio 2012\Projects\MyDllApp\MyDllApp\Debug\link.43760-cvtres.write.1.tlog
C:\Users\VIKRAMHP\Documents\Visual Studio 2012\Projects\MyDllApp\MyDllApp\Debug\link.43760-rc.read.1.tlog
C:\Users\VIKRAMHP\Documents\Visual Studio 2012\Projects\MyDllApp\MyDllApp\Debug\link.43760-rc.write.1.tlog
C:\Users\VIKRAMHP\Documents\Visual Studio 2012\Projects\MyDllApp\MyDllApp\Debug\link.43760.read.1.tlog
C:\Users\VIKRAMHP\Documents\Visual Studio 2012\Projects\MyDllApp\MyDllApp\Debug\link.43760.write.1.tlog
C:\Users\VIKRAMHP\Documents\Visual Studio 2012\Projects\MyDllApp\MyDllApp\Debug\link.43856-cvtres.read.1.tlog
C:\Users\VIKRAMHP\Documents\Visual Studio 2012\Projects\MyDllApp\MyDllApp\Debug\link.43856-cvtres.write.1.tlog
C:\Users\VIKRAMHP\Documents\Visual Studio 2012\Projects\MyDllApp\MyDllApp\Debug\link.43856-rc.read.1.tlog
C:\Users\VIKRAMHP\Documents\Visual Studio 2012\Projects\MyDllApp\MyDllApp\Debug\link.43856-rc.write.1.tlog
C:\Users\VIKRAMHP\Documents\Visual Studio 2012\Projects\MyDllApp\MyDllApp\Debug\link.43856.read.1.tlog
C:\Users\VIKRAMHP\Documents\Visual Studio 2012\Projects\MyDllApp\MyDllApp\Debug\link.43856.write.1.tlog
C:\Users\VIKRAMHP\Documents\Visual Studio 2012\Projects\MyDllApp\MyDllApp\Debug\link.44304-cvtres.read.1.tlog
C:\Users\VIKRAMHP\Documents\Visual Studio 2012\Projects\MyDllApp\MyDllApp\Debug\link.44304-cvtres.write.1.tlog
C:\Users\VIKRAMHP\Documents\Visual Studio 2012\Projects\MyDllApp\MyDllApp\Debug\link.44304-rc.read.1.tlog
C:\Users\VIKRAMHP\Documents\Visual Studio 2012\Projects\MyDllApp\MyDllApp\Debug\link.44304-rc.write.1.tlog
C:\Users\VIKRAMHP\Documents\Visual Studio 2012\Projects\MyDllApp\MyDllApp\Debug\link.44304.read.1.tlog
C:\Users\VIKRAMHP\Documents\Visual Studio 2012\Projects\MyDllApp\MyDllApp\Debug\link.44304.write.1.tlog
C:\Users\VIKRAMHP\Documents\Visual Studio 2012\Projects\MyDllApp\MyDllApp\Debug\link.5032-cvtres.read.1.tlog
C:\Users\VIKRAMHP\Documents\Visual Studio 2012\Projects\MyDllApp\MyDllApp\Debug\link.5032-cvtres.write.1.tlog
C:\Users\VIKRAMHP\Documents\Visual Studio 2012\Projects\MyDllApp\MyDllApp\Debug\link.5032-rc.read.1.tlog
C:\Users\VIKRAMHP\Documents\Visual Studio 2012\Projects\MyDllApp\MyDllApp\Debug\link.5032-rc.write.1.tlog
C:\Users\VIKRAMHP\Documents\Visual Studio 2012\Projects\MyDllApp\MyDllApp\Debug\link.5032.read.1.tlog
C:\Users\VIKRAMHP\Documents\Visual Studio 2012\Projects\MyDllApp\MyDllApp\Debug\link.5032.write.1.tlog
C:\Users\VIKRAMHP\Documents\Visual Studio 2012\Projects\MyDllApp\MyDllApp\Debug\link.5300-cvtres.read.1.tlog
C:\Users\VIKRAMHP\Documents\Visual Studio 2012\Projects\MyDllApp\MyDllApp\Debug\link.5300-cvtres.write.1.tlog
C:\Users\VIKRAMHP\Documents\Visual Studio 2012\Projects\MyDllApp\MyDllApp\Debug\link.5300-rc.read.1.tlog
C:\Users\VIKRAMHP\Documents\Visual Studio 2012\Projects\MyDllApp\MyDllApp\Debug\link.5300-rc.write.1.tlog
C:\Users\VIKRAMHP\Documents\Visual Studio 2012\Projects\MyDllApp\MyDllApp\Debug\link.5300.read.1.tlog
C:\Users\VIKRAMHP\Documents\Visual Studio 2012\Projects\MyDllApp\MyDllApp\Debug\link.5300.write.1.tlog
C:\Users\VIKRAMHP\Documents\Visual Studio 2012\Projects\MyDllApp\MyDllApp\Debug\link.5448-cvtres.read.1.tlog
C:\Users\VIKRAMHP\Documents\Visual Studio 2012\Projects\MyDllApp\MyDllApp\Debug\link.5448-cvtres.write.1.tlog
C:\Users\VIKRAMHP\Documents\Visual Studio 2012\Projects\MyDllApp\MyDllApp\Debug\link.5448-rc.read.1.tlog
C:\Users\VIKRAMHP\Documents\Visual Studio 2012\Projects\MyDllApp\MyDllApp\Debug\link.5448-rc.write.1.tlog
C:\Users\VIKRAMHP\Documents\Visual Studio 2012\Projects\MyDllApp\MyDllApp\Debug\link.5448.read.1.tlog
C:\Users\VIKRAMHP\Documents\Visual Studio 2012\Projects\MyDllApp\MyDllApp\Debug\link.5448.write.1.tlog
C:\Users\VIKRAMHP\Documents\Visual Studio 2012\Projects\MyDllApp\MyDllApp\Debug\link.5460-cvtres.read.1.tlog
C:\Users\VIKRAMHP\Documents\Visual Studio 2012\Projects\MyDllApp\MyDllApp\Debug\link.5460-cvtres.write.1.tlog
C:\Users\VIKRAMHP\Documents\Visual Studio 2012\Projects\MyDllApp\MyDllApp\Debug\link.5460-rc.read.1.tlog
C:\Users\VIKRAMHP\Documents\Visual Studio 2012\Projects\MyDllApp\MyDllApp\Debug\link.5460-rc.write.1.tlog
C:\Users\VIKRAMHP\Documents\Visual Studio 2012\Projects\MyDllApp\MyDllApp\Debug\link.5460.read.1.tlog
C:\Users\VIKRAMHP\Documents\Visual Studio 2012\Projects\MyDllApp\MyDllApp\Debug\link.5460.write.1.tlog
C:\Users\VIKRAMHP\Documents\Visual Studio 2012\Projects\MyDllApp\MyDllApp\Debug\link.5720-cvtres.read.1.tlog
C:\Users\VIKRAMHP\Documents\Visual Studio 2012\Projects\MyDllApp\MyDllApp\Debug\link.5720-cvtres.write.1.tlog
C:\Users\VIKRAMHP\Documents\Visual Studio 2012\Projects\MyDllApp\MyDllApp\Debug\link.5720-rc.read.1.tlog
C:\Users\VIKRAMHP\Documents\Visual Studio 2012\Projects\MyDllApp\MyDllApp\Debug\link.5720-rc.write.1.tlog
C:\Users\VIKRAMHP\Documents\Visual Studio 2012\Projects\MyDllApp\MyDllApp\Debug\link.5720.read.1.tlog
C:\Users\VIKRAMHP\Documents\Visual Studio 2012\Projects\MyDllApp\MyDllApp\Debug\link.5720.write.1.tlog
C:\Users\VIKRAMHP\Documents\Visual Studio 2012\Projects\MyDllApp\MyDllApp\Debug\link.5864-cvtres.read.1.tlog
C:\Users\VIKRAMHP\Documents\Visual Studio 2012\Projects\MyDllApp\MyDllApp\Debug\link.5864-cvtres.write.1.tlog
C:\Users\VIKRAMHP\Documents\Visual Studio 2012\Projects\MyDllApp\MyDllApp\Debug\link.5864-rc.read.1.tlog
C:\Users\VIKRAMHP\Documents\Visual Studio 2012\Projects\MyDllApp\MyDllApp\Debug\link.5864-rc.write.1.tlog
C:\Users\VIKRAMHP\Documents\Visual Studio 2012\Projects\MyDllApp\MyDllApp\Debug\link.5864.read.1.tlog
C:\Users\VIKRAMHP\Documents\Visual Studio 2012\Projects\MyDllApp\MyDllApp\Debug\link.5864.write.1.tlog
C:\Users\VIKRAMHP\Documents\Visual Studio 2012\Projects\MyDllApp\MyDllApp\Debug\link.6016-cvtres.read.1.tlog
C:\Users\VIKRAMHP\Documents\Visual Studio 2012\Projects\MyDllApp\MyDllApp\Debug\link.6016-cvtres.write.1.tlog
C:\Users\VIKRAMHP\Documents\Visual Studio 2012\Projects\MyDllApp\MyDllApp\Debug\link.6016-rc.read.1.tlog
C:\Users\VIKRAMHP\Documents\Visual Studio 2012\Projects\MyDllApp\MyDllApp\Debug\link.6016-rc.write.1.tlog
C:\Users\VIKRAMHP\Documents\Visual Studio 2012\Projects\MyDllApp\MyDllApp\Debug\link.6016.read.1.tlog
C:\Users\VIKRAMHP\Documents\Visual Studio 2012\Projects\MyDllApp\MyDllApp\Debug\link.6016.write.1.tlog
C:\Users\VIKRAMHP\Documents\Visual Studio 2012\Projects\MyDllApp\MyDllApp\Debug\link.6716-cvtres.read.1.tlog
C:\Users\VIKRAMHP\Documents\Visual Studio 2012\Projects\MyDllApp\MyDllApp\Debug\link.6716-cvtres.write.1.tlog
C:\Users\VIKRAMHP\Documents\Visual Studio 2012\Projects\MyDllApp\MyDllApp\Debug\link.6716-rc.read.1.tlog
C:\Users\VIKRAMHP\Documents\Visual Studio 2012\Projects\MyDllApp\MyDllApp\Debug\link.6716-rc.write.1.tlog
C:\Users\VIKRAMHP\Documents\Visual Studio 2012\Projects\MyDllApp\MyDllApp\Debug\link.6716.read.1.tlog
C:\Users\VIKRAMHP\Documents\Visual Studio 2012\Projects\MyDllApp\MyDllApp\Debug\link.6716.write.1.tlog
C:\Users\VIKRAMHP\Documents\Visual Studio 2012\Projects\MyDllApp\MyDllApp\Debug\link.6804-cvtres.read.1.tlog
C:\Users\VIKRAMHP\Documents\Visual Studio 2012\Projects\MyDllApp\MyDllApp\Debug\link.6804-cvtres.write.1.tlog
C:\Users\VIKRAMHP\Documents\Visual Studio 2012\Projects\MyDllApp\MyDllApp\Debug\link.6804-rc.read.1.tlog
C:\Users\VIKRAMHP\Documents\Visual Studio 2012\Projects\MyDllApp\MyDllApp\Debug\link.6804-rc.write.1.tlog
C:\Users\VIKRAMHP\Documents\Visual Studio 2012\Projects\MyDllApp\MyDllApp\Debug\link.6804.read.1.tlog
C:\Users\VIKRAMHP\Documents\Visual Studio 2012\Projects\MyDllApp\MyDllApp\Debug\link.6804.write.1.tlog
C:\Users\VIKRAMHP\Documents\Visual Studio 2012\Projects\MyDllApp\MyDllApp\Debug\link.6856-cvtres.read.1.tlog
C:\Users\VIKRAMHP\Documents\Visual Studio 2012\Projects\MyDllApp\MyDllApp\Debug\link.6856-cvtres.write.1.tlog
C:\Users\VIKRAMHP\Documents\Visual Studio 2012\Projects\MyDllApp\MyDllApp\Debug\link.6856-rc.read.1.tlog
C:\Users\VIKRAMHP\Documents\Visual Studio 2012\Projects\MyDllApp\MyDllApp\Debug\link.6856-rc.write.1.tlog
C:\Users\VIKRAMHP\Documents\Visual Studio 2012\Projects\MyDllApp\MyDllApp\Debug\link.6856.read.1.tlog
C:\Users\VIKRAMHP\Documents\Visual Studio 2012\Projects\MyDllApp\MyDllApp\Debug\link.6856.write.1.tlog
C:\Users\VIKRAMHP\Documents\Visual Studio 2012\Projects\MyDllApp\MyDllApp\Debug\link.6872-cvtres.read.1.tlog
C:\Users\VIKRAMHP\Documents\Visual Studio 2012\Projects\MyDllApp\MyDllApp\Debug\link.6872-cvtres.write.1.tlog
C:\Users\VIKRAMHP\Documents\Visual Studio 2012\Projects\MyDllApp\MyDllApp\Debug\link.6872-rc.read.1.tlog
C:\Users\VIKRAMHP\Documents\Visual Studio 2012\Projects\MyDllApp\MyDllApp\Debug\link.6872-rc.write.1.tlog
C:\Users\VIKRAMHP\Documents\Visual Studio 2012\Projects\MyDllApp\MyDllApp\Debug\link.6872.read.1.tlog
C:\Users\VIKRAMHP\Documents\Visual Studio 2012\Projects\MyDllApp\MyDllApp\Debug\link.6872.write.1.tlog
C:\Users\VIKRAMHP\Documents\Visual Studio 2012\Projects\MyDllApp\MyDllApp\Debug\link.7036-cvtres.read.1.tlog
C:\Users\VIKRAMHP\Documents\Visual Studio 2012\Projects\MyDllApp\MyDllApp\Debug\link.7036-cvtres.write.1.tlog
C:\Users\VIKRAMHP\Documents\Visual Studio 2012\Projects\MyDllApp\MyDllApp\Debug\link.7036-rc.read.1.tlog
C:\Users\VIKRAMHP\Documents\Visual Studio 2012\Projects\MyDllApp\MyDllApp\Debug\link.7036-rc.write.1.tlog
C:\Users\VIKRAMHP\Documents\Visual Studio 2012\Projects\MyDllApp\MyDllApp\Debug\link.7036.read.1.tlog
C:\Users\VIKRAMHP\Documents\Visual Studio 2012\Projects\MyDllApp\MyDllApp\Debug\link.7036.write.1.tlog
C:\Users\VIKRAMHP\Documents\Visual Studio 2012\Projects\MyDllApp\MyDllApp\Debug\link.7392-cvtres.read.1.tlog
C:\Users\VIKRAMHP\Documents\Visual Studio 2012\Projects\MyDllApp\MyDllApp\Debug\link.7392-cvtres.write.1.tlog
C:\Users\VIKRAMHP\Documents\Visual Studio 2012\Projects\MyDllApp\MyDllApp\Debug\link.7392-rc.read.1.tlog
C:\Users\VIKRAMHP\Documents\Visual Studio 2012\Projects\MyDllApp\MyDllApp\Debug\link.7392-rc.write.1.tlog
C:\Users\VIKRAMHP\Documents\Visual Studio 2012\Projects\MyDllApp\MyDllApp\Debug\link.7392.read.1.tlog
C:\Users\VIKRAMHP\Documents\Visual Studio 2012\Projects\MyDllApp\MyDllApp\Debug\link.7392.write.1.tlog
C:\Users\VIKRAMHP\Documents\Visual Studio 2012\Projects\MyDllApp\MyDllApp\Debug\link.7632-cvtres.read.1.tlog
C:\Users\VIKRAMHP\Documents\Visual Studio 2012\Projects\MyDllApp\MyDllApp\Debug\link.7632-cvtres.write.1.tlog
C:\Users\VIKRAMHP\Documents\Visual Studio 2012\Projects\MyDllApp\MyDllApp\Debug\link.7632-rc.read.1.tlog
C:\Users\VIKRAMHP\Documents\Visual Studio 2012\Projects\MyDllApp\MyDllApp\Debug\link.7632-rc.write.1.tlog
C:\Users\VIKRAMHP\Documents\Visual Studio 2012\Projects\MyDllApp\MyDllApp\Debug\link.7632.read.1.tlog
C:\Users\VIKRAMHP\Documents\Visual Studio 2012\Projects\MyDllApp\MyDllApp\Debug\link.7632.write.1.tlog
C:\Users\VIKRAMHP\Documents\Visual Studio 2012\Projects\MyDllApp\MyDllApp\Debug\link.8084-cvtres.read.1.tlog
C:\Users\VIKRAMHP\Documents\Visual Studio 2012\Projects\MyDllApp\MyDllApp\Debug\link.8084-cvtres.write.1.tlog
C:\Users\VIKRAMHP\Documents\Visual Studio 2012\Projects\MyDllApp\MyDllApp\Debug\link.8084-rc.read.1.tlog
C:\Users\VIKRAMHP\Documents\Visual Studio 2012\Projects\MyDllApp\MyDllApp\Debug\link.8084-rc.write.1.tlog
C:\Users\VIKRAMHP\Documents\Visual Studio 2012\Projects\MyDllApp\MyDllApp\Debug\link.8084.read.1.tlog
C:\Users\VIKRAMHP\Documents\Visual Studio 2012\Projects\MyDllApp\MyDllApp\Debug\link.8084.write.1.tlog
C:\Users\VIKRAMHP\Documents\Visual Studio 2012\Projects\MyDllApp\MyDllApp\Debug\link.8360-cvtres.read.1.tlog
C:\Users\VIKRAMHP\Documents\Visual Studio 2012\Projects\MyDllApp\MyDllApp\Debug\link.8360-cvtres.write.1.tlog
C:\Users\VIKRAMHP\Documents\Visual Studio 2012\Projects\MyDllApp\MyDllApp\Debug\link.8360-rc.read.1.tlog
C:\Users\VIKRAMHP\Documents\Visual Studio 2012\Projects\MyDllApp\MyDllApp\Debug\link.8360-rc.write.1.tlog
C:\Users\VIKRAMHP\Documents\Visual Studio 2012\Projects\MyDllApp\MyDllApp\Debug\link.8360.read.1.tlog
C:\Users\VIKRAMHP\Documents\Visual Studio 2012\Projects\MyDllApp\MyDllApp\Debug\link.8360.write.1.tlog
C:\Users\VIKRAMHP\Documents\Visual Studio 2012\Projects\MyDllApp\MyDllApp\Debug\link.command.1.tlog
C:\Users\VIKRAMHP\Documents\Visual Studio 2012\Projects\MyDllApp\MyDllApp\Debug\link.read.1.tlog
C:\Users\VIKRAMHP\Documents\Visual Studio 2012\Projects\MyDllApp\MyDllApp\Debug\link.write.1.tlog
C:\Users\VIKRAMHP\Documents\Visual Studio 2012\Projects\MyDllApp\MyDllApp\Debug\MyDllApp.write.1.tlog
C:\Users\VIKRAMHP\Documents\Visual Studio 2012\Projects\MyDllApp\MyDllApp\Debug\vc110.idb
C:\Users\VIKRAMHP\Documents\Visual Studio 2012\Projects\MyDllApp\MyDllApp\Debug\vc110.pdb
C:\Users\VIKRAMHP\Documents\Visual Studio 2012\Projects\MyDllApp\Debug\MyDllApp.pdb
C:\Users\VIKRAMHP\Documents\Visual Studio 2012\Projects\MyDllApp\Debug\MyDllApp.dll
C:\Users\VIKRAMHP\Documents\Visual Studio 2012\Projects\MyDllApp\Debug\MyDllApp.ilk
